<?xml version="1.0" encoding="UTF-8" ?>
<testsuite tests="1" failures="0" name="com.paascloud.provider.aliyun.MqProducerTest" time="0.003" errors="1" skipped="0">
  <properties>
[...]
</properties>
  <testcase classname="com.paascloud.provider.aliyun.MqProducerTest" name="contextLoads" time="0.003">
    <error message="Failed to load ApplicationContext" type="java.lang.IllegalStateException">java.lang.IllegalStateException: Failed to load ApplicationContext
	at org.springframework.test.context.cache.DefaultCacheAwareContextLoaderDelegate.loadContext(DefaultCacheAwareContextLoaderDelegate.java:125)
	at org.springframework.test.context.support.DefaultTestContext.getApplicationContext(DefaultTestContext.java:108)
	at org.springframework.test.context.web.ServletTestExecutionListener.setUpRequestContextIfNecessary(ServletTestExecutionListener.java:190)
	at org.springframework.test.context.web.ServletTestExecutionListener.prepareTestInstance(ServletTestExecutionListener.java:132)
	at org.springframework.test.context.TestContextManager.prepareTestInstance(TestContextManager.java:246)
	at org.springframework.test.context.junit4.SpringJUnit4ClassRunner.createTest(SpringJUnit4ClassRunner.java:227)
	at org.springframework.test.context.junit4.SpringJUnit4ClassRunner$1.runReflectiveCall(SpringJUnit4ClassRunner.java:289)
	at org.junit.internal.runners.model.ReflectiveCallable.run(ReflectiveCallable.java:12)
	at org.springframework.test.context.junit4.SpringJUnit4ClassRunner.methodBlock(SpringJUnit4ClassRunner.java:291)
	at org.springframework.test.context.junit4.SpringJUnit4ClassRunner.runChild(SpringJUnit4ClassRunner.java:246)
	at org.springframework.test.context.junit4.SpringJUnit4ClassRunner.runChild(SpringJUnit4ClassRunner.java:97)
	at org.junit.runners.ParentRunner$3.run(ParentRunner.java:290)
	at org.junit.runners.ParentRunner$1.schedule(ParentRunner.java:71)
	at org.junit.runners.ParentRunner.runChildren(ParentRunner.java:288)
	at org.junit.runners.ParentRunner.access$000(ParentRunner.java:58)
	at org.junit.runners.ParentRunner$2.evaluate(ParentRunner.java:268)
	at org.springframework.test.context.junit4.statements.RunBeforeTestClassCallbacks.evaluate(RunBeforeTestClassCallbacks.java:61)
	at org.springframework.test.context.junit4.statements.RunAfterTestClassCallbacks.evaluate(RunAfterTestClassCallbacks.java:70)
	at org.junit.runners.ParentRunner.run(ParentRunner.java:363)
	at org.springframework.test.context.junit4.SpringJUnit4ClassRunner.run(SpringJUnit4ClassRunner.java:190)
	at org.apache.maven.surefire.junit4.JUnit4Provider.execute(JUnit4Provider.java:252)
	at org.apache.maven.surefire.junit4.JUnit4Provider.executeTestSet(JUnit4Provider.java:141)
	at org.apache.maven.surefire.junit4.JUnit4Provider.invoke(JUnit4Provider.java:112)
	at sun.reflect.NativeMethodAccessorImpl.invoke0(Native Method)
	at sun.reflect.NativeMethodAccessorImpl.invoke(NativeMethodAccessorImpl.java:62)
	at sun.reflect.DelegatingMethodAccessorImpl.invoke(DelegatingMethodAccessorImpl.java:43)
	at java.lang.reflect.Method.invoke(Method.java:483)
	at org.apache.maven.surefire.util.ReflectionUtils.invokeMethodWithArray(ReflectionUtils.java:189)
	at org.apache.maven.surefire.booter.ProviderFactory$ProviderProxy.invoke(ProviderFactory.java:165)
	at org.apache.maven.surefire.booter.ProviderFactory.invokeProvider(ProviderFactory.java:85)
	at org.apache.maven.surefire.booter.ForkedBooter.runSuitesInProcess(ForkedBooter.java:115)
	at org.apache.maven.surefire.booter.ForkedBooter.main(ForkedBooter.java:75)
Caused by: java.lang.IllegalStateException: Could not locate PropertySource and the fail fast property is set, failing
	at org.springframework.cloud.config.client.ConfigServicePropertySourceLocator.locate(ConfigServicePropertySourceLocator.java:136)
	at org.springframework.cloud.config.client.ConfigServicePropertySourceLocator$$FastClassBySpringCGLIB$$fa44b2a.invoke(&lt;generated&gt;)
	at org.springframework.cglib.proxy.MethodProxy.invoke(MethodProxy.java:204)
	at org.springframework.aop.framework.CglibAopProxy$CglibMethodInvocation.invokeJoinpoint(CglibAopProxy.java:746)
	at org.springframework.aop.framework.ReflectiveMethodInvocation.proceed(ReflectiveMethodInvocation.java:163)
	at org.springframework.retry.interceptor.RetryOperationsInterceptor$1.doWithRetry(RetryOperationsInterceptor.java:91)
	at org.springframework.retry.support.RetryTemplate.doExecute(RetryTemplate.java:287)
	at org.springframework.retry.support.RetryTemplate.execute(RetryTemplate.java:164)
	at org.springframework.retry.interceptor.RetryOperationsInterceptor.invoke(RetryOperationsInterceptor.java:118)
	at org.springframework.retry.annotation.AnnotationAwareRetryOperationsInterceptor.invoke(AnnotationAwareRetryOperationsInterceptor.java:153)
	at org.springframework.aop.framework.ReflectiveMethodInvocation.proceed(ReflectiveMethodInvocation.java:185)
	at org.springframework.aop.framework.CglibAopProxy$DynamicAdvisedInterceptor.intercept(CglibAopProxy.java:688)
	at org.springframework.cloud.config.client.ConfigServicePropertySourceLocator$$EnhancerBySpringCGLIB$$2440c45.locate(&lt;generated&gt;)
	at org.springframework.cloud.bootstrap.config.PropertySourceBootstrapConfiguration.initialize(PropertySourceBootstrapConfiguration.java:94)
	at org.springframework.boot.SpringApplication.applyInitializers(SpringApplication.java:633)
	at org.springframework.boot.SpringApplication.prepareContext(SpringApplication.java:373)
	at org.springframework.boot.SpringApplication.run(SpringApplication.java:325)
	at org.springframework.boot.test.context.SpringBootContextLoader.loadContext(SpringBootContextLoader.java:139)
	at org.springframework.test.context.cache.DefaultCacheAwareContextLoaderDelegate.loadContextInternal(DefaultCacheAwareContextLoaderDelegate.java:99)
	at org.springframework.test.context.cache.DefaultCacheAwareContextLoaderDelegate.loadContext(DefaultCacheAwareContextLoaderDelegate.java:117)
	... 31 more
Caused by: org.springframework.web.client.ResourceAccessException: I/O error on GET request for &quot;http://192.168.139.5:8762/provider-opc/default/master&quot;: Connection timed out: connect; nested exception is java.net.ConnectException: Connection timed out: connect
	at org.springframework.web.client.RestTemplate.doExecute(RestTemplate.java:732)
	at org.springframework.web.client.RestTemplate.execute(RestTemplate.java:680)
	at org.springframework.web.client.RestTemplate.exchange(RestTemplate.java:600)
	at org.springframework.cloud.config.client.ConfigServicePropertySourceLocator.getRemoteEnvironment(ConfigServicePropertySourceLocator.java:218)
	at org.springframework.cloud.config.client.ConfigServicePropertySourceLocator.locate(ConfigServicePropertySourceLocator.java:96)
	... 50 more
Caused by: java.net.ConnectException: Connection timed out: connect
	at java.net.DualStackPlainSocketImpl.connect0(Native Method)
	at java.net.DualStackPlainSocketImpl.socketConnect(DualStackPlainSocketImpl.java:79)
	at java.net.AbstractPlainSocketImpl.doConnect(AbstractPlainSocketImpl.java:345)
	at java.net.AbstractPlainSocketImpl.connectToAddress(AbstractPlainSocketImpl.java:206)
	at java.net.AbstractPlainSocketImpl.connect(AbstractPlainSocketImpl.java:188)
	at java.net.PlainSocketImpl.connect(PlainSocketImpl.java:172)
	at java.net.SocksSocketImpl.connect(SocksSocketImpl.java:392)
	at java.net.Socket.connect(Socket.java:589)
	at java.net.Socket.connect(Socket.java:538)
	at sun.net.NetworkClient.doConnect(NetworkClient.java:180)
	at sun.net.www.http.HttpClient.openServer(HttpClient.java:432)
	at sun.net.www.http.HttpClient.openServer(HttpClient.java:527)
	at sun.net.www.http.HttpClient.&lt;init&gt;(HttpClient.java:211)
	at sun.net.www.http.HttpClient.New(HttpClient.java:308)
	at sun.net.www.http.HttpClient.New(HttpClient.java:326)
	at sun.net.www.protocol.http.HttpURLConnection.getNewHttpClient(HttpURLConnection.java:1167)
	at sun.net.www.protocol.http.HttpURLConnection.plainConnect0(HttpURLConnection.java:1103)
	at sun.net.www.protocol.http.HttpURLConnection.plainConnect(HttpURLConnection.java:997)
	at sun.net.www.protocol.http.HttpURLConnection.connect(HttpURLConnection.java:931)
	at org.springframework.http.client.SimpleBufferingClientHttpRequest.executeInternal(SimpleBufferingClientHttpRequest.java:76)
	at org.springframework.http.client.AbstractBufferingClientHttpRequest.executeInternal(AbstractBufferingClientHttpRequest.java:48)
	at org.springframework.http.client.AbstractClientHttpRequest.execute(AbstractClientHttpRequest.java:53)
	at org.springframework.web.client.RestTemplate.doExecute(RestTemplate.java:723)
	... 54 more
</error>
    <system-out>10:01:58.165 [main] DEBUG org.springframework.test.context.junit4.SpringJUnit4ClassRunner - SpringJUnit4ClassRunner constructor called with [class com.paascloud.provider.aliyun.MqProducerTest]
10:01:58.172 [main] DEBUG org.springframework.test.context.BootstrapUtils - Instantiating CacheAwareContextLoaderDelegate from class [org.springframework.test.context.cache.DefaultCacheAwareContextLoaderDelegate]
10:01:58.185 [main] DEBUG org.springframework.test.context.BootstrapUtils - Instantiating BootstrapContext using constructor [public org.springframework.test.context.support.DefaultBootstrapContext(java.lang.Class,org.springframework.test.context.CacheAwareContextLoaderDelegate)]
10:01:58.200 [main] DEBUG org.springframework.test.context.BootstrapUtils - Instantiating TestContextBootstrapper for test class [com.paascloud.provider.aliyun.MqProducerTest] from class [org.springframework.boot.test.context.SpringBootTestContextBootstrapper]
10:01:58.215 [main] INFO org.springframework.boot.test.context.SpringBootTestContextBootstrapper - Neither @ContextConfiguration nor @ContextHierarchy found for test class [com.paascloud.provider.aliyun.MqProducerTest], using SpringBootContextLoader
10:01:58.218 [main] DEBUG org.springframework.test.context.support.AbstractContextLoader - Did not detect default resource location for test class [com.paascloud.provider.aliyun.MqProducerTest]: class path resource [com/paascloud/provider/aliyun/MqProducerTest-context.xml] does not exist
10:01:58.218 [main] DEBUG org.springframework.test.context.support.AbstractContextLoader - Did not detect default resource location for test class [com.paascloud.provider.aliyun.MqProducerTest]: class path resource [com/paascloud/provider/aliyun/MqProducerTestContext.groovy] does not exist
10:01:58.218 [main] INFO org.springframework.test.context.support.AbstractContextLoader - Could not detect default resource locations for test class [com.paascloud.provider.aliyun.MqProducerTest]: no resource found for suffixes {-context.xml, Context.groovy}.
10:01:58.219 [main] INFO org.springframework.test.context.support.AnnotationConfigContextLoaderUtils - Could not detect default configuration classes for test class [com.paascloud.provider.aliyun.MqProducerTest]: MqProducerTest does not declare any static, non-private, non-final, nested classes annotated with @Configuration.
10:01:58.292 [main] DEBUG org.springframework.test.context.support.ActiveProfilesUtils - Could not find an &apos;annotation declaring class&apos; for annotation type [org.springframework.test.context.ActiveProfiles] and class [com.paascloud.provider.aliyun.MqProducerTest]
10:01:58.303 [main] DEBUG org.springframework.core.env.StandardEnvironment - Adding PropertySource &apos;systemProperties&apos; with lowest search precedence
10:01:58.303 [main] DEBUG org.springframework.core.env.StandardEnvironment - Adding PropertySource &apos;systemEnvironment&apos; with lowest search precedence
10:01:58.303 [main] DEBUG org.springframework.core.env.StandardEnvironment - Initialized StandardEnvironment with PropertySources [MapPropertySource@1704629915 {name=&apos;systemProperties&apos;, properties={idea.version=2017.3.2, java.runtime.name=Java(TM) SE Runtime Environment, sun.boot.library.path=C:\Program Files\Java\jdk1.8.0_40\jre\bin, java.vm.version=25.25-b02, java.vm.vendor=Oracle Corporation, java.vendor.url=http://java.oracle.com/, path.separator=;, java.vm.name=Java HotSpot(TM) 64-Bit Server VM, file.encoding.pkg=sun.io, user.country=CN, user.script=, sun.java.launcher=SUN_STANDARD, sun.os.patch.level=, java.vm.specification.name=Java Virtual Machine Specification, user.dir=D:\workspack\project\gostyu\passcloud-master\paascloud-provider\paascloud-provider-opc, java.runtime.version=1.8.0_25-b18, basedir=D:\workspack\project\gostyu\passcloud-master\paascloud-provider\paascloud-provider-opc, java.awt.graphicsenv=sun.awt.Win32GraphicsEnvironment, java.endorsed.dirs=C:\Program Files\Java\jdk1.8.0_40\jre\lib\endorsed, os.arch=amd64, surefire.real.class.path=D:\workspack\project\gostyu\passcloud-master\paascloud-provider\paascloud-provider-opc\target\surefire\surefirebooter3556540888258900826.jar, java.io.tmpdir=C:\Users\Shinelon\AppData\Local\Temp\, line.separator=
, java.vm.specification.vendor=Oracle Corporation, user.variant=, os.name=Windows 8.1, sun.jnu.encoding=GBK, java.library.path=C:\Program Files\Java\jdk1.8.0_40\jre\bin;C:\WINDOWS\Sun\Java\bin;C:\WINDOWS\system32;C:\WINDOWS;D:\workspack\python\Scripts\;D:\workspack\python\;D:\workspack\oracle\app\oracle\product\11.2.0\server\bin;C:\ProgramData\Oracle\Java\javapath;C:\Program Files (x86)\Intel\iCLS Client\;C:\Program Files\Intel\iCLS Client\;C:\Windows\system32;C:\Windows;C:\Windows\System32\Wbem;C:\Windows\System32\WindowsPowerShell\v1.0\;C:\Program Files (x86)\Intel\Intel(R) Management Engine Components\DAL;C:\Program Files\Intel\Intel(R) Management Engine Components\DAL;C:\Program Files (x86)\Intel\Intel(R) Management Engine Components\IPT;C:\Program Files\Intel\Intel(R) Management Engine Components\IPT;D:\workspack\MySql\MySQL Server 5.5\bin;D:\maven\apache-maven-3.5.0\bin;D:\gradle\gradle-3.5-all\gradle-3.5\bin;D:\workspack\SVN\bin;C:\Program Files\Intel\WiFi\bin\;C:\Program Files\Common Files\Intel\WirelessCommon\;C:\WINDOWS\system32;C:\WINDOWS;C:\WINDOWS\System32\Wbem;C:\WINDOWS\System32\WindowsPowerShell\v1.0\;C:\Program Files (x86)\NVIDIA Corporation\PhysX\Common;C:\Program Files\erl9.3\bin;C:\Program Files\Java\jdk1.7.0_13\bin;D:\workspack\nodejs\;D:\workspack\GIT\Git\cmd;D:\workspack\consul;;C:\WINDOWS\system32;C:\WINDOWS;C:\WINDOWS\System32\Wbem;C:\WINDOWS\System32\WindowsPowerShell\v1.0\;C:\WINDOWS\System32\OpenSSH\;D:\workspack\gpg\Gpg4win\..\GnuPG\bin;C:\Program Files\Intel\WiFi\bin\;C:\Program Files\Common Files\Intel\WirelessCommon\;C:\Users\Shinelon\AppData\Local\Microsoft\WindowsApps;C:\Users\Shinelon\AppData\Local\GitHubDesktop\bin;C:\Users\Shinelon\AppData\Roaming\npm;%USERPROFILE%\AppData\Local\Microsoft\WindowsApps;;., surefire.test.class.path=D:\workspack\project\gostyu\passcloud-master\paascloud-provider\paascloud-provider-opc\target\test-classes;D:\workspack\project\gostyu\passcloud-master\paascloud-provider\paascloud-provider-opc\target\classes;D:\maven\repository\mysql\mysql-connector-java\5.1.46\mysql-connector-java-5.1.46.jar;D:\maven\repository\joda-time\joda-time\2.9.9\joda-time-2.9.9.jar;D:\maven\repository\org\mybatis\spring\boot\mybatis-spring-boot-starter\1.3.2\mybatis-spring-boot-starter-1.3.2.jar;D:\maven\repository\org\springframework\boot\spring-boot-starter\2.0.2.RELEASE\spring-boot-starter-2.0.2.RELEASE.jar;D:\maven\repository\org\springframework\boot\spring-boot-starter-logging\2.0.2.RELEASE\spring-boot-starter-logging-2.0.2.RELEASE.jar;D:\maven\repository\org\apache\logging\log4j\log4j-to-slf4j\2.10.0\log4j-to-slf4j-2.10.0.jar;D:\maven\repository\org\apache\logging\log4j\log4j-api\2.10.0\log4j-api-2.10.0.jar;D:\maven\repository\org\slf4j\jul-to-slf4j\1.7.25\jul-to-slf4j-1.7.25.jar;D:\maven\repository\javax\annotation\javax.annotation-api\1.3.2\javax.annotation-api-1.3.2.jar;D:\maven\repository\org\springframework\boot\spring-boot-starter-jdbc\2.0.2.RELEASE\spring-boot-starter-jdbc-2.0.2.RELEASE.jar;D:\maven\repository\com\zaxxer\HikariCP\2.7.9\HikariCP-2.7.9.jar;D:\maven\repository\org\springframework\spring-jdbc\5.0.6.RELEASE\spring-jdbc-5.0.6.RELEASE.jar;D:\maven\repository\org\mybatis\spring\boot\mybatis-spring-boot-autoconfigure\1.3.2\mybatis-spring-boot-autoconfigure-1.3.2.jar;D:\maven\repository\org\mybatis\mybatis\3.4.6\mybatis-3.4.6.jar;D:\maven\repository\org\mybatis\mybatis-spring\1.3.2\mybatis-spring-1.3.2.jar;D:\maven\repository\com\github\pagehelper\pagehelper-spring-boot-starter\1.2.5\pagehelper-spring-boot-starter-1.2.5.jar;D:\maven\repository\com\github\pagehelper\pagehelper-spring-boot-autoconfigure\1.2.5\pagehelper-spring-boot-autoconfigure-1.2.5.jar;D:\maven\repository\com\github\pagehelper\pagehelper\5.1.4\pagehelper-5.1.4.jar;D:\maven\repository\com\github\jsqlparser\jsqlparser\1.0\jsqlparser-1.0.jar;D:\maven\repository\com\alibaba\druid-spring-boot-starter\1.1.10\druid-spring-boot-starter-1.1.10.jar;D:\maven\repository\org\slf4j\slf4j-api\1.7.25\slf4j-api-1.7.25.jar;D:\maven\repository\org\springframework\boot\spring-boot-autoconfigure\2.0.2.RELEASE\spring-boot-autoconfigure-2.0.2.RELEASE.jar;D:\maven\repository\org\springframework\cloud\spring-cloud-starter-feign\1.4.5.RELEASE\spring-cloud-starter-feign-1.4.5.RELEASE.jar;D:\maven\repository\org\springframework\cloud\spring-cloud-starter-openfeign\2.0.1.RELEASE\spring-cloud-starter-openfeign-2.0.1.RELEASE.jar;D:\maven\repository\org\springframework\cloud\spring-cloud-openfeign-core\2.0.1.RELEASE\spring-cloud-openfeign-core-2.0.1.RELEASE.jar;D:\maven\repository\io\github\openfeign\feign-core\9.5.1\feign-core-9.5.1.jar;D:\maven\repository\io\github\openfeign\feign-slf4j\9.5.1\feign-slf4j-9.5.1.jar;D:\maven\repository\io\github\openfeign\feign-hystrix\9.5.1\feign-hystrix-9.5.1.jar;D:\maven\repository\io\github\openfeign\feign-java8\9.5.1\feign-java8-9.5.1.jar;D:\maven\repository\com\fasterxml\jackson\core\jackson-databind\2.9.5\jackson-databind-2.9.5.jar;D:\maven\repository\com\fasterxml\jackson\core\jackson-annotations\2.9.0\jackson-annotations-2.9.0.jar;D:\maven\repository\com\fasterxml\jackson\core\jackson-core\2.9.5\jackson-core-2.9.5.jar;D:\workspack\project\gostyu\passcloud-master\paascloud-provider-api\paascloud-provider-omc-api\target\paascloud-provider-omc-api-0.0.1-SNAPSHOT.jar;D:\workspack\project\gostyu\passcloud-master\passcloud-common\passcloud-common-base\target\passcloud-common-base-0.0.1-SNAPSHOT.jar;D:\workspack\project\gostyu\passcloud-master\passcloud-common\passcloud-security-feign\target\passcloud-security-feign-0.0.1-SNAPSHOT.jar;D:\maven\repository\com\netflix\feign\feign-okhttp\8.18.0\feign-okhttp-8.18.0.jar;D:\maven\repository\com\netflix\feign\feign-core\8.18.0\feign-core-8.18.0.jar;D:\maven\repository\org\jvnet\animal-sniffer-annotation\1.0\animal-sniffer-annotation-1.0.jar;D:\workspack\project\gostyu\passcloud-master\paascloud-provider-api\paascloud-provider-mdc-api\target\paascloud-provider-mdc-api-0.0.1-SNAPSHOT.jar;D:\workspack\project\gostyu\passcloud-master\paascloud-provider-api\paascloud-provider-opc-api\target\paascloud-provider-opc-api-0.0.1-SNAPSHOT.jar;D:\maven\repository\io\github\openfeign\form\feign-form\3.0.3\feign-form-3.0.3.jar;D:\maven\repository\io\github\openfeign\form\feign-form-spring\3.0.3\feign-form-spring-3.0.3.jar;D:\workspack\project\gostyu\passcloud-master\paascloud-provider-api\paascloud-provider-sdk-api\target\paascloud-provider-sdk-api-0.0.1-SNAPSHOT.jar;D:\workspack\project\gostyu\passcloud-master\paascloud-provider-api\paascloud-provider-tpc-api\target\paascloud-provider-tpc-api-0.0.1-SNAPSHOT.jar;D:\workspack\project\gostyu\passcloud-master\passcloud-common\passcloud-common-zk\target\passcloud-common-zk-0.0.1-SNAPSHOT.jar;D:\maven\repository\org\apache\curator\curator-framework\4.0.1\curator-framework-4.0.1.jar;D:\maven\repository\org\apache\curator\curator-recipes\4.0.1\curator-recipes-4.0.1.jar;D:\maven\repository\org\apache\curator\curator-client\4.0.1\curator-client-4.0.1.jar;D:\maven\repository\org\apache\zookeeper\zookeeper\3.5.3-beta\zookeeper-3.5.3-beta.jar;D:\maven\repository\commons-cli\commons-cli\1.2\commons-cli-1.2.jar;D:\maven\repository\io\netty\netty\3.10.5.Final\netty-3.10.5.Final.jar;D:\maven\repository\tk\mybatis\mapper\4.0.3\mapper-4.0.3.jar;D:\maven\repository\javax\persistence\persistence-api\1.0.2\persistence-api-1.0.2.jar;D:\maven\repository\org\aspectj\aspectjweaver\1.8.13\aspectjweaver-1.8.13.jar;D:\maven\repository\org\springframework\spring-tx\5.0.6.RELEASE\spring-tx-5.0.6.RELEASE.jar;D:\maven\repository\org\springframework\spring-beans\5.0.6.RELEASE\spring-beans-5.0.6.RELEASE.jar;D:\maven\repository\org\apache\rocketmq\rocketmq-client\4.3.0\rocketmq-client-4.3.0.jar;D:\maven\repository\org\apache\rocketmq\rocketmq-common\4.3.0\rocketmq-common-4.3.0.jar;D:\maven\repository\org\apache\rocketmq\rocketmq-remoting\4.3.0\rocketmq-remoting-4.3.0.jar;D:\maven\repository\io\netty\netty-all\4.1.24.Final\netty-all-4.1.24.Final.jar;D:\maven\repository\org\apache\rocketmq\rocketmq-logging\4.3.0\rocketmq-logging-4.3.0.jar;D:\maven\repository\io\netty\netty-tcnative-boringssl-static\1.1.33.Fork26\netty-tcnative-boringssl-static-1.1.33.Fork26.jar;D:\maven\repository\com\aliyun\aliyun-java-sdk-core\4.0.7\aliyun-java-sdk-core-4.0.7.jar;D:\maven\repository\com\google\code\gson\gson\2.8.4\gson-2.8.4.jar;D:\maven\repository\org\apache\httpcomponents\httpclient\4.5.5\httpclient-4.5.5.jar;D:\maven\repository\org\apache\httpcomponents\httpcore\4.4.9\httpcore-4.4.9.jar;D:\maven\repository\javax\xml\bind\jaxb-api\2.3.0\jaxb-api-2.3.0.jar;D:\maven\repository\com\sun\xml\bind\jaxb-core\2.1.14\jaxb-core-2.1.14.jar;D:\maven\repository\com\sun\xml\bind\jaxb-impl\2.1\jaxb-impl-2.1.jar;D:\maven\repository\javax\activation\activation\1.1.1\activation-1.1.1.jar;D:\maven\repository\com\aliyun\aliyun-java-sdk-dysmsapi\1.1.0\aliyun-java-sdk-dysmsapi-1.1.0.jar;D:\maven\repository\com\qiniu\qiniu-java-sdk\7.2.14\qiniu-java-sdk-7.2.14.jar;D:\maven\repository\com\squareup\okhttp3\okhttp\3.8.1\okhttp-3.8.1.jar;D:\maven\repository\com\squareup\okio\okio\1.13.0\okio-1.13.0.jar;D:\maven\repository\com\qiniu\happy-dns-java\0.1.6\happy-dns-java-0.1.6.jar;D:\maven\repository\org\springframework\boot\spring-boot-starter-mail\2.0.2.RELEASE\spring-boot-starter-mail-2.0.2.RELEASE.jar;D:\maven\repository\org\springframework\spring-context\5.0.6.RELEASE\spring-context-5.0.6.RELEASE.jar;D:\maven\repository\org\springframework\spring-expression\5.0.6.RELEASE\spring-expression-5.0.6.RELEASE.jar;D:\maven\repository\org\springframework\spring-context-support\5.0.6.RELEASE\spring-context-support-5.0.6.RELEASE.jar;D:\maven\repository\com\sun\mail\javax.mail\1.6.1\javax.mail-1.6.1.jar;D:\maven\repository\org\springframework\boot\spring-boot-starter-freemarker\2.0.2.RELEASE\spring-boot-starter-freemarker-2.0.2.RELEASE.jar;D:\maven\repository\org\freemarker\freemarker\2.3.28\freemarker-2.3.28.jar;D:\maven\repository\de\codecentric\spring-boot-admin-starter-client\2.0.0\spring-boot-admin-starter-client-2.0.0.jar;D:\maven\repository\de\codecentric\spring-boot-admin-client\2.0.0\spring-boot-admin-client-2.0.0.jar;D:\maven\repository\com\github\penggle\kaptcha\2.3.2\kaptcha-2.3.2.jar;D:\maven\repository\javax\servlet\javax.servlet-api\3.1.0\javax.servlet-api-3.1.0.jar;D:\maven\repository\com\jhlabs\filters\2.0.235-1\filters-2.0.235-1.jar;D:\maven\repository\commons-io\commons-io\2.6\commons-io-2.6.jar;D:\maven\repository\org\springframework\retry\spring-retry\1.2.2.RELEASE\spring-retry-1.2.2.RELEASE.jar;D:\maven\repository\org\springframework\spring-core\5.0.6.RELEASE\spring-core-5.0.6.RELEASE.jar;D:\maven\repository\org\springframework\spring-jcl\5.0.6.RELEASE\spring-jcl-5.0.6.RELEASE.jar;D:\maven\repository\org\springframework\cloud\spring-cloud-starter-config\2.0.1.RELEASE\spring-cloud-starter-config-2.0.1.RELEASE.jar;D:\maven\repository\org\springframework\cloud\spring-cloud-starter\2.0.1.RELEASE\spring-cloud-starter-2.0.1.RELEASE.jar;D:\maven\repository\org\springframework\cloud\spring-cloud-context\2.0.1.RELEASE\spring-cloud-context-2.0.1.RELEASE.jar;D:\maven\repository\org\springframework\security\spring-security-rsa\1.0.5.RELEASE\spring-security-rsa-1.0.5.RELEASE.jar;D:\maven\repository\org\springframework\cloud\spring-cloud-config-client\2.0.1.RELEASE\spring-cloud-config-client-2.0.1.RELEASE.jar;D:\maven\repository\org\springframework\cloud\spring-cloud-starter-netflix-eureka-client\2.0.1.RELEASE\spring-cloud-starter-netflix-eureka-client-2.0.1.RELEASE.jar;D:\maven\repository\org\springframework\cloud\spring-cloud-netflix-core\2.0.1.RELEASE\spring-cloud-netflix-core-2.0.1.RELEASE.jar;D:\maven\repository\org\springframework\cloud\spring-cloud-netflix-eureka-client\2.0.1.RELEASE\spring-cloud-netflix-eureka-client-2.0.1.RELEASE.jar;D:\maven\repository\com\netflix\eureka\eureka-client\1.9.3\eureka-client-1.9.3.jar;D:\maven\repository\org\codehaus\jettison\jettison\1.3.7\jettison-1.3.7.jar;D:\maven\repository\stax\stax-api\1.0.1\stax-api-1.0.1.jar;D:\maven\repository\com\netflix\netflix-commons\netflix-eventbus\0.3.0\netflix-eventbus-0.3.0.jar;D:\maven\repository\com\netflix\netflix-commons\netflix-infix\0.3.0\netflix-infix-0.3.0.jar;D:\maven\repository\commons-jxpath\commons-jxpath\1.3\commons-jxpath-1.3.jar;D:\maven\repository\org\antlr\antlr-runtime\3.4\antlr-runtime-3.4.jar;D:\maven\repository\org\antlr\stringtemplate\3.2.1\stringtemplate-3.2.1.jar;D:\maven\repository\antlr\antlr\2.7.7\antlr-2.7.7.jar;D:\maven\repository\org\apache\commons\commons-math\2.2\commons-math-2.2.jar;D:\maven\repository\com\netflix\archaius\archaius-core\0.7.6\archaius-core-0.7.6.jar;D:\maven\repository\javax\ws\rs\jsr311-api\1.1.1\jsr311-api-1.1.1.jar;D:\maven\repository\com\netflix\servo\servo-core\0.12.21\servo-core-0.12.21.jar;D:\maven\repository\com\sun\jersey\jersey-core\1.19.1\jersey-core-1.19.1.jar;D:\maven\repository\com\sun\jersey\jersey-client\1.19.1\jersey-client-1.19.1.jar;D:\maven\repository\com\sun\jersey\contribs\jersey-apache-client4\1.19.1\jersey-apache-client4-1.19.1.jar;D:\maven\repository\com\google\inject\guice\4.1.0\guice-4.1.0.jar;D:\maven\repository\javax\inject\javax.inject\1\javax.inject-1.jar;D:\maven\repository\aopalliance\aopalliance\1.0\aopalliance-1.0.jar;D:\maven\repository\com\github\vlsi\compactmap\compactmap\1.2.1\compactmap-1.2.1.jar;D:\maven\repository\com\github\andrewoma\dexx\dexx-collections\0.2\dexx-collections-0.2.jar;D:\maven\repository\com\netflix\eureka\eureka-core\1.9.3\eureka-core-1.9.3.jar;D:\maven\repository\org\codehaus\woodstox\woodstox-core-asl\4.4.1\woodstox-core-asl-4.4.1.jar;D:\maven\repository\javax\xml\stream\stax-api\1.0-2\stax-api-1.0-2.jar;D:\maven\repository\org\codehaus\woodstox\stax2-api\3.1.4\stax2-api-3.1.4.jar;D:\maven\repository\org\springframework\cloud\spring-cloud-starter-netflix-archaius\2.0.1.RELEASE\spring-cloud-starter-netflix-archaius-2.0.1.RELEASE.jar;D:\maven\repository\org\springframework\cloud\spring-cloud-netflix-ribbon\2.0.1.RELEASE\spring-cloud-netflix-ribbon-2.0.1.RELEASE.jar;D:\maven\repository\org\springframework\cloud\spring-cloud-netflix-archaius\2.0.1.RELEASE\spring-cloud-netflix-archaius-2.0.1.RELEASE.jar;D:\maven\repository\commons-configuration\commons-configuration\1.8\commons-configuration-1.8.jar;D:\maven\repository\commons-lang\commons-lang\2.6\commons-lang-2.6.jar;D:\maven\repository\org\springframework\cloud\spring-cloud-starter-netflix-ribbon\2.0.1.RELEASE\spring-cloud-starter-netflix-ribbon-2.0.1.RELEASE.jar;D:\maven\repository\com\netflix\ribbon\ribbon\2.2.5\ribbon-2.2.5.jar;D:\maven\repository\com\netflix\ribbon\ribbon-transport\2.2.5\ribbon-transport-2.2.5.jar;D:\maven\repository\io\reactivex\rxnetty-contexts\0.4.9\rxnetty-contexts-0.4.9.jar;D:\maven\repository\io\reactivex\rxnetty-servo\0.4.9\rxnetty-servo-0.4.9.jar;D:\maven\repository\io\reactivex\rxnetty\0.4.9\rxnetty-0.4.9.jar;D:\maven\repository\io\netty\netty-codec-http\4.1.24.Final\netty-codec-http-4.1.24.Final.jar;D:\maven\repository\io\netty\netty-codec\4.1.24.Final\netty-codec-4.1.24.Final.jar;D:\maven\repository\io\netty\netty-transport-native-epoll\4.1.24.Final\netty-transport-native-epoll-4.1.24.Final.jar;D:\maven\repository\io\netty\netty-common\4.1.24.Final\netty-common-4.1.24.Final.jar;D:\maven\repository\io\netty\netty-buffer\4.1.24.Final\netty-buffer-4.1.24.Final.jar;D:\maven\repository\io\netty\netty-transport-native-unix-common\4.1.24.Final\netty-transport-native-unix-common-4.1.24.Final.jar;D:\maven\repository\io\netty\netty-transport\4.1.24.Final\netty-transport-4.1.24.Final.jar;D:\maven\repository\io\netty\netty-resolver\4.1.24.Final\netty-resolver-4.1.24.Final.jar;D:\maven\repository\com\netflix\ribbon\ribbon-core\2.2.5\ribbon-core-2.2.5.jar;D:\maven\repository\com\netflix\ribbon\ribbon-httpclient\2.2.5\ribbon-httpclient-2.2.5.jar;D:\maven\repository\com\netflix\netflix-commons\netflix-commons-util\0.3.0\netflix-commons-util-0.3.0.jar;D:\maven\repository\com\netflix\ribbon\ribbon-loadbalancer\2.2.5\ribbon-loadbalancer-2.2.5.jar;D:\maven\repository\com\netflix\netflix-commons\netflix-statistics\0.1.1\netflix-statistics-0.1.1.jar;D:\maven\repository\io\reactivex\rxjava\1.2.0\rxjava-1.2.0.jar;D:\maven\repository\com\netflix\ribbon\ribbon-eureka\2.2.5\ribbon-eureka-2.2.5.jar;D:\maven\repository\com\thoughtworks\xstream\xstream\1.4.10\xstream-1.4.10.jar;D:\maven\repository\xmlpull\xmlpull\1.1.3.1\xmlpull-1.1.3.1.jar;D:\maven\repository\xpp3\xpp3_min\1.1.4c\xpp3_min-1.1.4c.jar;D:\maven\repository\org\springframework\cloud\spring-cloud-starter-sleuth\2.0.1.RELEASE\spring-cloud-starter-sleuth-2.0.1.RELEASE.jar;D:\maven\repository\org\springframework\cloud\spring-cloud-sleuth-core\2.0.1.RELEASE\spring-cloud-sleuth-core-2.0.1.RELEASE.jar;D:\maven\repository\org\aspectj\aspectjrt\1.8.13\aspectjrt-1.8.13.jar;D:\maven\repository\io\zipkin\brave\brave\5.1.4\brave-5.1.4.jar;D:\maven\repository\io\zipkin\brave\brave-context-log4j2\5.1.4\brave-context-log4j2-5.1.4.jar;D:\maven\repository\io\zipkin\brave\brave-instrumentation-spring-web\5.1.4\brave-instrumentation-spring-web-5.1.4.jar;D:\maven\repository\io\zipkin\brave\brave-instrumentation-http\5.1.4\brave-instrumentation-http-5.1.4.jar;D:\maven\repository\io\zipkin\brave\brave-instrumentation-spring-rabbit\5.1.4\brave-instrumentation-spring-rabbit-5.1.4.jar;D:\maven\repository\io\zipkin\brave\brave-instrumentation-kafka-clients\5.1.4\brave-instrumentation-kafka-clients-5.1.4.jar;D:\maven\repository\io\zipkin\brave\brave-instrumentation-httpclient\5.1.4\brave-instrumentation-httpclient-5.1.4.jar;D:\maven\repository\io\zipkin\brave\brave-instrumentation-httpasyncclient\5.1.4\brave-instrumentation-httpasyncclient-5.1.4.jar;D:\maven\repository\io\zipkin\brave\brave-instrumentation-spring-webmvc\5.1.4\brave-instrumentation-spring-webmvc-5.1.4.jar;D:\maven\repository\io\zipkin\brave\brave-instrumentation-servlet\5.1.4\brave-instrumentation-servlet-5.1.4.jar;D:\maven\repository\org\springframework\cloud\spring-cloud-sleuth-zipkin\2.0.1.RELEASE\spring-cloud-sleuth-zipkin-2.0.1.RELEASE.jar;D:\maven\repository\org\springframework\spring-web\5.0.6.RELEASE\spring-web-5.0.6.RELEASE.jar;D:\maven\repository\org\springframework\cloud\spring-cloud-commons\2.0.1.RELEASE\spring-cloud-commons-2.0.1.RELEASE.jar;D:\maven\repository\org\springframework\security\spring-security-crypto\5.0.5.RELEASE\spring-security-crypto-5.0.5.RELEASE.jar;D:\maven\repository\io\zipkin\zipkin2\zipkin\2.10.4\zipkin-2.10.4.jar;D:\maven\repository\io\zipkin\reporter2\zipkin-reporter\2.7.7\zipkin-reporter-2.7.7.jar;D:\maven\repository\io\zipkin\reporter2\zipkin-sender-kafka11\2.7.7\zipkin-sender-kafka11-2.7.7.jar;D:\maven\repository\io\zipkin\reporter2\zipkin-sender-amqp-client\2.7.7\zipkin-sender-amqp-client-2.7.7.jar;D:\maven\repository\tk\mybatis\mapper-spring-boot-starter\2.0.2\mapper-spring-boot-starter-2.0.2.jar;D:\maven\repository\tk\mybatis\mapper-base\1.0.1\mapper-base-1.0.1.jar;D:\maven\repository\tk\mybatis\mapper-weekend\1.1.3\mapper-weekend-1.1.3.jar;D:\maven\repository\tk\mybatis\mapper-spring\1.0.1\mapper-spring-1.0.1.jar;D:\maven\repository\tk\mybatis\mapper-extra\1.0.1\mapper-extra-1.0.1.jar;D:\maven\repository\tk\mybatis\mapper-spring-boot-autoconfigure\2.0.2\mapper-spring-boot-autoconfigure-2.0.2.jar;D:\workspack\project\gostyu\passcloud-master\passcloud-common\passcloud-common-util\target\passcloud-common-util-0.0.1-SNAPSHOT.jar;D:\maven\repository\org\apache\commons\commons-lang3\3.7\commons-lang3-3.7.jar;D:\maven\repository\ch\qos\logback\logback-classic\1.2.3\logback-classic-1.2.3.jar;D:\maven\repository\org\codehaus\jackson\jackson-smile\1.9.13\jackson-smile-1.9.13.jar;D:\maven\repository\org\codehaus\jackson\jackson-core-asl\1.9.13\jackson-core-asl-1.9.13.jar;D:\maven\repository\org\codehaus\jackson\jackson-mapper-asl\1.9.13\jackson-mapper-asl-1.9.13.jar;D:\maven\repository\com\xiaoleilu\hutool-all\3.3.2\hutool-all-3.3.2.jar;D:\maven\repository\commons-beanutils\commons-beanutils\1.9.3\commons-beanutils-1.9.3.jar;D:\maven\repository\commons-logging\commons-logging\1.2\commons-logging-1.2.jar;D:\maven\repository\commons-collections\commons-collections\3.2.2\commons-collections-3.2.2.jar;D:\maven\repository\org\springframework\boot\spring-boot-starter-data-redis\2.0.2.RELEASE\spring-boot-starter-data-redis-2.0.2.RELEASE.jar;D:\maven\repository\org\springframework\data\spring-data-redis\2.0.7.RELEASE\spring-data-redis-2.0.7.RELEASE.jar;D:\maven\repository\org\springframework\data\spring-data-keyvalue\2.0.7.RELEASE\spring-data-keyvalue-2.0.7.RELEASE.jar;D:\maven\repository\org\springframework\data\spring-data-commons\2.0.7.RELEASE\spring-data-commons-2.0.7.RELEASE.jar;D:\maven\repository\org\springframework\spring-oxm\5.0.6.RELEASE\spring-oxm-5.0.6.RELEASE.jar;D:\maven\repository\redis\clients\jedis\2.9.0\jedis-2.9.0.jar;D:\maven\repository\org\apache\commons\commons-pool2\2.5.0\commons-pool2-2.5.0.jar;D:\maven\repository\com\alibaba\fastjson\1.2.47\fastjson-1.2.47.jar;D:\workspack\project\gostyu\passcloud-master\passcloud-common\passcloud-common-core\target\passcloud-common-core-0.0.1-SNAPSHOT.jar;D:\maven\repository\org\springframework\cloud\spring-cloud-starter-oauth2\2.0.0.RELEASE\spring-cloud-starter-oauth2-2.0.0.RELEASE.jar;D:\maven\repository\org\springframework\cloud\spring-cloud-starter-security\2.0.0.RELEASE\spring-cloud-starter-security-2.0.0.RELEASE.jar;D:\maven\repository\org\springframework\cloud\spring-cloud-security\2.0.0.RELEASE\spring-cloud-security-2.0.0.RELEASE.jar;D:\maven\repository\org\springframework\boot\spring-boot-starter-security\2.0.2.RELEASE\spring-boot-starter-security-2.0.2.RELEASE.jar;D:\maven\repository\org\springframework\security\oauth\boot\spring-security-oauth2-autoconfigure\2.0.0.RELEASE\spring-security-oauth2-autoconfigure-2.0.0.RELEASE.jar;D:\maven\repository\org\springframework\security\oauth\spring-security-oauth2\2.2.1.RELEASE\spring-security-oauth2-2.2.1.RELEASE.jar;D:\maven\repository\org\springframework\security\spring-security-core\5.0.5.RELEASE\spring-security-core-5.0.5.RELEASE.jar;D:\maven\repository\org\springframework\security\spring-security-config\5.0.5.RELEASE\spring-security-config-5.0.5.RELEASE.jar;D:\maven\repository\org\springframework\security\spring-security-web\5.0.5.RELEASE\spring-security-web-5.0.5.RELEASE.jar;D:\workspack\project\gostyu\passcloud-master\passcloud-common\passcloud-common-conf\target\passcloud-common-conf-0.0.1-SNAPSHOT.jar;D:\maven\repository\eu\bitwalker\UserAgentUtils\1.20\UserAgentUtils-1.20.jar;D:\maven\repository\com\fasterxml\jackson\module\jackson-module-parameter-names\2.9.5\jackson-module-parameter-names-2.9.5.jar;D:\maven\repository\com\fasterxml\jackson\datatype\jackson-datatype-jdk8\2.9.5\jackson-datatype-jdk8-2.9.5.jar;D:\maven\repository\com\fasterxml\jackson\datatype\jackson-datatype-jsr310\2.9.5\jackson-datatype-jsr310-2.9.5.jar;D:\maven\repository\io\jsonwebtoken\jjwt\0.9.0\jjwt-0.9.0.jar;D:\maven\repository\com\arronlong\httpclientutil\httpclientutil\1.0\httpclientutil-1.0.jar;D:\maven\repository\org\apache\httpcomponents\httpmime\4.5.5\httpmime-4.5.5.jar;D:\maven\repository\org\apache\httpcomponents\httpasyncclient\4.1.3\httpasyncclient-4.1.3.jar;D:\maven\repository\org\apache\httpcomponents\httpcore-nio\4.4.9\httpcore-nio-4.4.9.jar;D:\maven\repository\log4j\log4j\1.2.17\log4j-1.2.17.jar;D:\maven\repository\com\netflix\hystrix\hystrix-core\1.5.12\hystrix-core-1.5.12.jar;D:\maven\repository\org\hdrhistogram\HdrHistogram\2.1.9\HdrHistogram-2.1.9.jar;D:\maven\repository\org\springframework\boot\spring-boot-starter-actuator\2.0.2.RELEASE\spring-boot-starter-actuator-2.0.2.RELEASE.jar;D:\maven\repository\org\springframework\boot\spring-boot-actuator-autoconfigure\2.0.2.RELEASE\spring-boot-actuator-autoconfigure-2.0.2.RELEASE.jar;D:\maven\repository\org\springframework\boot\spring-boot-actuator\2.0.2.RELEASE\spring-boot-actuator-2.0.2.RELEASE.jar;D:\maven\repository\io\micrometer\micrometer-core\1.0.4\micrometer-core-1.0.4.jar;D:\maven\repository\org\latencyutils\LatencyUtils\2.0.3\LatencyUtils-2.0.3.jar;D:\maven\repository\org\springframework\cloud\spring-cloud-starter-hystrix\1.4.5.RELEASE\spring-cloud-starter-hystrix-1.4.5.RELEASE.jar;D:\maven\repository\org\springframework\cloud\spring-cloud-starter-netflix-hystrix\2.0.1.RELEASE\spring-cloud-starter-netflix-hystrix-2.0.1.RELEASE.jar;D:\maven\repository\com\netflix\hystrix\hystrix-serialization\1.5.12\hystrix-serialization-1.5.12.jar;D:\maven\repository\com\fasterxml\jackson\module\jackson-module-afterburner\2.9.5\jackson-module-afterburner-2.9.5.jar;D:\maven\repository\com\netflix\hystrix\hystrix-metrics-event-stream\1.5.12\hystrix-metrics-event-stream-1.5.12.jar;D:\maven\repository\io\reactivex\rxjava-reactive-streams\1.2.1\rxjava-reactive-streams-1.2.1.jar;D:\maven\repository\org\reactivestreams\reactive-streams\1.0.2\reactive-streams-1.0.2.jar;D:\maven\repository\org\springframework\boot\spring-boot-starter-web\2.0.2.RELEASE\spring-boot-starter-web-2.0.2.RELEASE.jar;D:\maven\repository\org\springframework\boot\spring-boot-starter-json\2.0.2.RELEASE\spring-boot-starter-json-2.0.2.RELEASE.jar;D:\maven\repository\org\springframework\boot\spring-boot-starter-tomcat\2.0.2.RELEASE\spring-boot-starter-tomcat-2.0.2.RELEASE.jar;D:\maven\repository\org\apache\tomcat\embed\tomcat-embed-core\8.5.31\tomcat-embed-core-8.5.31.jar;D:\maven\repository\org\apache\tomcat\embed\tomcat-embed-websocket\8.5.31\tomcat-embed-websocket-8.5.31.jar;D:\maven\repository\org\hibernate\validator\hibernate-validator\6.0.9.Final\hibernate-validator-6.0.9.Final.jar;D:\maven\repository\javax\validation\validation-api\2.0.1.Final\validation-api-2.0.1.Final.jar;D:\maven\repository\org\jboss\logging\jboss-logging\3.3.2.Final\jboss-logging-3.3.2.Final.jar;D:\maven\repository\org\springframework\spring-webmvc\5.0.6.RELEASE\spring-webmvc-5.0.6.RELEASE.jar;D:\maven\repository\net\logstash\logback\logstash-logback-encoder\5.1\logstash-logback-encoder-5.1.jar;D:\maven\repository\ch\qos\logback\logback-core\1.2.3\logback-core-1.2.3.jar;D:\maven\repository\com\google\guava\guava\26.0-jre\guava-26.0-jre.jar;D:\maven\repository\com\google\code\findbugs\jsr305\3.0.2\jsr305-3.0.2.jar;D:\maven\repository\org\checkerframework\checker-qual\2.5.2\checker-qual-2.5.2.jar;D:\maven\repository\com\google\errorprone\error_prone_annotations\2.1.3\error_prone_annotations-2.1.3.jar;D:\maven\repository\com\google\j2objc\j2objc-annotations\1.1\j2objc-annotations-1.1.jar;D:\maven\repository\org\codehaus\mojo\animal-sniffer-annotations\1.14\animal-sniffer-annotations-1.14.jar;D:\maven\repository\org\springframework\boot\spring-boot-starter-validation\2.0.2.RELEASE\spring-boot-starter-validation-2.0.2.RELEASE.jar;D:\maven\repository\org\apache\tomcat\embed\tomcat-embed-el\8.5.31\tomcat-embed-el-8.5.31.jar;D:\maven\repository\io\springfox\springfox-swagger-ui\2.8.0\springfox-swagger-ui-2.8.0.jar;D:\maven\repository\io\springfox\springfox-spring-web\2.8.0\springfox-spring-web-2.8.0.jar;D:\maven\repository\org\reflections\reflections\0.9.11\reflections-0.9.11.jar;D:\maven\repository\org\javassist\javassist\3.21.0-GA\javassist-3.21.0-GA.jar;D:\maven\repository\io\springfox\springfox-swagger2\2.8.0\springfox-swagger2-2.8.0.jar;D:\maven\repository\io\swagger\swagger-annotations\1.5.18\swagger-annotations-1.5.18.jar;D:\maven\repository\io\swagger\swagger-models\1.5.14\swagger-models-1.5.14.jar;D:\maven\repository\io\springfox\springfox-spi\2.8.0\springfox-spi-2.8.0.jar;D:\maven\repository\io\springfox\springfox-core\2.8.0\springfox-core-2.8.0.jar;D:\maven\repository\io\springfox\springfox-schema\2.8.0\springfox-schema-2.8.0.jar;D:\maven\repository\io\springfox\springfox-swagger-common\2.8.0\springfox-swagger-common-2.8.0.jar;D:\maven\repository\com\fasterxml\classmate\1.3.4\classmate-1.3.4.jar;D:\maven\repository\org\springframework\plugin\spring-plugin-core\1.2.0.RELEASE\spring-plugin-core-1.2.0.RELEASE.jar;D:\maven\repository\org\springframework\plugin\spring-plugin-metadata\1.2.0.RELEASE\spring-plugin-metadata-1.2.0.RELEASE.jar;D:\maven\repository\org\mapstruct\mapstruct\1.2.0.Final\mapstruct-1.2.0.Final.jar;D:\maven\repository\commons-codec\commons-codec\1.11\commons-codec-1.11.jar;D:\maven\repository\com\alibaba\druid\1.1.10\druid-1.1.10.jar;D:\maven\repository\org\mybatis\generator\mybatis-generator-core\1.3.7\mybatis-generator-core-1.3.7.jar;D:\maven\repository\org\springframework\boot\spring-boot-configuration-processor\2.0.2.RELEASE\spring-boot-configuration-processor-2.0.2.RELEASE.jar;D:\maven\repository\org\springframework\boot\spring-boot-devtools\2.0.2.RELEASE\spring-boot-devtools-2.0.2.RELEASE.jar;D:\maven\repository\org\springframework\boot\spring-boot\2.0.2.RELEASE\spring-boot-2.0.2.RELEASE.jar;D:\maven\repository\org\springframework\boot\spring-boot-starter-aop\2.0.2.RELEASE\spring-boot-starter-aop-2.0.2.RELEASE.jar;D:\maven\repository\org\springframework\spring-aop\5.0.6.RELEASE\spring-aop-5.0.6.RELEASE.jar;D:\maven\repository\org\modelmapper\modelmapper\2.1.1\modelmapper-2.1.1.jar;D:\maven\repository\org\jolokia\jolokia-core\1.5.0\jolokia-core-1.5.0.jar;D:\maven\repository\com\googlecode\json-simple\json-simple\1.1.1\json-simple-1.1.1.jar;D:\maven\repository\org\springframework\security\spring-security-jwt\1.0.9.RELEASE\spring-security-jwt-1.0.9.RELEASE.jar;D:\maven\repository\org\bouncycastle\bcpkix-jdk15on\1.56\bcpkix-jdk15on-1.56.jar;D:\maven\repository\org\bouncycastle\bcprov-jdk15on\1.56\bcprov-jdk15on-1.56.jar;D:\maven\repository\org\liquibase\liquibase-core\3.5.3\liquibase-core-3.5.3.jar;D:\maven\repository\org\yaml\snakeyaml\1.19\snakeyaml-1.19.jar;D:\maven\repository\org\springframework\cloud\spring-cloud-starter-zipkin\2.0.1.RELEASE\spring-cloud-starter-zipkin-2.0.1.RELEASE.jar;D:\maven\repository\org\springframework\amqp\spring-rabbit\2.0.3.RELEASE\spring-rabbit-2.0.3.RELEASE.jar;D:\maven\repository\org\springframework\amqp\spring-amqp\2.0.3.RELEASE\spring-amqp-2.0.3.RELEASE.jar;D:\maven\repository\com\rabbitmq\amqp-client\5.1.2\amqp-client-5.1.2.jar;D:\maven\repository\org\springframework\spring-messaging\5.0.6.RELEASE\spring-messaging-5.0.6.RELEASE.jar;D:\maven\repository\org\springframework\boot\spring-boot-starter-undertow\2.0.2.RELEASE\spring-boot-starter-undertow-2.0.2.RELEASE.jar;D:\maven\repository\io\undertow\undertow-core\1.4.25.Final\undertow-core-1.4.25.Final.jar;D:\maven\repository\org\jboss\xnio\xnio-api\3.3.8.Final\xnio-api-3.3.8.Final.jar;D:\maven\repository\org\jboss\xnio\xnio-nio\3.3.8.Final\xnio-nio-3.3.8.Final.jar;D:\maven\repository\io\undertow\undertow-servlet\1.4.25.Final\undertow-servlet-1.4.25.Final.jar;D:\maven\repository\org\jboss\spec\javax\annotation\jboss-annotations-api_1.2_spec\1.0.2.Final\jboss-annotations-api_1.2_spec-1.0.2.Final.jar;D:\maven\repository\io\undertow\undertow-websockets-jsr\1.4.25.Final\undertow-websockets-jsr-1.4.25.Final.jar;D:\maven\repository\org\jboss\spec\javax\websocket\jboss-websocket-api_1.1_spec\1.1.3.Final\jboss-websocket-api_1.1_spec-1.1.3.Final.jar;D:\maven\repository\org\glassfish\javax.el\3.0.0\javax.el-3.0.0.jar;D:\maven\repository\org\springframework\boot\spring-boot-starter-test\2.0.2.RELEASE\spring-boot-starter-test-2.0.2.RELEASE.jar;D:\maven\repository\org\springframework\boot\spring-boot-test\2.0.2.RELEASE\spring-boot-test-2.0.2.RELEASE.jar;D:\maven\repository\org\springframework\boot\spring-boot-test-autoconfigure\2.0.2.RELEASE\spring-boot-test-autoconfigure-2.0.2.RELEASE.jar;D:\maven\repository\com\jayway\jsonpath\json-path\2.4.0\json-path-2.4.0.jar;D:\maven\repository\net\minidev\json-smart\2.3\json-smart-2.3.jar;D:\maven\repository\net\minidev\accessors-smart\1.2\accessors-smart-1.2.jar;D:\maven\repository\junit\junit\4.12\junit-4.12.jar;D:\maven\repository\org\assertj\assertj-core\3.9.1\assertj-core-3.9.1.jar;D:\maven\repository\org\mockito\mockito-core\2.15.0\mockito-core-2.15.0.jar;D:\maven\repository\net\bytebuddy\byte-buddy\1.7.11\byte-buddy-1.7.11.jar;D:\maven\repository\net\bytebuddy\byte-buddy-agent\1.7.11\byte-buddy-agent-1.7.11.jar;D:\maven\repository\org\objenesis\objenesis\2.6\objenesis-2.6.jar;D:\maven\repository\org\hamcrest\hamcrest-core\1.3\hamcrest-core-1.3.jar;D:\maven\repository\org\hamcrest\hamcrest-library\1.3\hamcrest-library-1.3.jar;D:\maven\repository\org\skyscreamer\jsonassert\1.5.0\jsonassert-1.5.0.jar;D:\maven\repository\com\vaadin\external\google\android-json\0.0.20131108.vaadin1\android-json-0.0.20131108.vaadin1.jar;D:\maven\repository\org\springframework\spring-test\5.0.6.RELEASE\spring-test-5.0.6.RELEASE.jar;D:\maven\repository\org\xmlunit\xmlunit-core\2.5.1\xmlunit-core-2.5.1.jar;D:\maven\repository\org\springframework\boot\spring-boot-properties-migrator\2.0.4.RELEASE\spring-boot-properties-migrator-2.0.4.RELEASE.jar;D:\maven\repository\org\springframework\boot\spring-boot-configuration-metadata\2.0.2.RELEASE\spring-boot-configuration-metadata-2.0.2.RELEASE.jar;D:\maven\repository\com\netflix\hystrix\hystrix-javanica\1.5.12\hystrix-javanica-1.5.12.jar;D:\maven\repository\org\ow2\asm\asm\5.0.4\asm-5.0.4.jar;D:\maven\repository\org\projectlombok\lombok\1.16.20\lombok-1.16.20.jar;, java.specification.name=Java Platform API Specification, java.class.version=52.0, sun.management.compiler=HotSpot 64-Bit Tiered Compilers, os.version=6.3, user.home=C:\Users\Shinelon, user.timezone=Asia/Shanghai, java.awt.printerjob=sun.awt.windows.WPrinterJob, file.encoding=GBK, java.specification.version=1.8, java.class.path=D:\workspack\project\gostyu\passcloud-master\paascloud-provider\paascloud-provider-opc\target\test-classes;D:\workspack\project\gostyu\passcloud-master\paascloud-provider\paascloud-provider-opc\target\classes;D:\maven\repository\mysql\mysql-connector-java\5.1.46\mysql-connector-java-5.1.46.jar;D:\maven\repository\joda-time\joda-time\2.9.9\joda-time-2.9.9.jar;D:\maven\repository\org\mybatis\spring\boot\mybatis-spring-boot-starter\1.3.2\mybatis-spring-boot-starter-1.3.2.jar;D:\maven\repository\org\springframework\boot\spring-boot-starter\2.0.2.RELEASE\spring-boot-starter-2.0.2.RELEASE.jar;D:\maven\repository\org\springframework\boot\spring-boot-starter-logging\2.0.2.RELEASE\spring-boot-starter-logging-2.0.2.RELEASE.jar;D:\maven\repository\org\apache\logging\log4j\log4j-to-slf4j\2.10.0\log4j-to-slf4j-2.10.0.jar;D:\maven\repository\org\apache\logging\log4j\log4j-api\2.10.0\log4j-api-2.10.0.jar;D:\maven\repository\org\slf4j\jul-to-slf4j\1.7.25\jul-to-slf4j-1.7.25.jar;D:\maven\repository\javax\annotation\javax.annotation-api\1.3.2\javax.annotation-api-1.3.2.jar;D:\maven\repository\org\springframework\boot\spring-boot-starter-jdbc\2.0.2.RELEASE\spring-boot-starter-jdbc-2.0.2.RELEASE.jar;D:\maven\repository\com\zaxxer\HikariCP\2.7.9\HikariCP-2.7.9.jar;D:\maven\repository\org\springframework\spring-jdbc\5.0.6.RELEASE\spring-jdbc-5.0.6.RELEASE.jar;D:\maven\repository\org\mybatis\spring\boot\mybatis-spring-boot-autoconfigure\1.3.2\mybatis-spring-boot-autoconfigure-1.3.2.jar;D:\maven\repository\org\mybatis\mybatis\3.4.6\mybatis-3.4.6.jar;D:\maven\repository\org\mybatis\mybatis-spring\1.3.2\mybatis-spring-1.3.2.jar;D:\maven\repository\com\github\pagehelper\pagehelper-spring-boot-starter\1.2.5\pagehelper-spring-boot-starter-1.2.5.jar;D:\maven\repository\com\github\pagehelper\pagehelper-spring-boot-autoconfigure\1.2.5\pagehelper-spring-boot-autoconfigure-1.2.5.jar;D:\maven\repository\com\github\pagehelper\pagehelper\5.1.4\pagehelper-5.1.4.jar;D:\maven\repository\com\github\jsqlparser\jsqlparser\1.0\jsqlparser-1.0.jar;D:\maven\repository\com\alibaba\druid-spring-boot-starter\1.1.10\druid-spring-boot-starter-1.1.10.jar;D:\maven\repository\org\slf4j\slf4j-api\1.7.25\slf4j-api-1.7.25.jar;D:\maven\repository\org\springframework\boot\spring-boot-autoconfigure\2.0.2.RELEASE\spring-boot-autoconfigure-2.0.2.RELEASE.jar;D:\maven\repository\org\springframework\cloud\spring-cloud-starter-feign\1.4.5.RELEASE\spring-cloud-starter-feign-1.4.5.RELEASE.jar;D:\maven\repository\org\springframework\cloud\spring-cloud-starter-openfeign\2.0.1.RELEASE\spring-cloud-starter-openfeign-2.0.1.RELEASE.jar;D:\maven\repository\org\springframework\cloud\spring-cloud-openfeign-core\2.0.1.RELEASE\spring-cloud-openfeign-core-2.0.1.RELEASE.jar;D:\maven\repository\io\github\openfeign\feign-core\9.5.1\feign-core-9.5.1.jar;D:\maven\repository\io\github\openfeign\feign-slf4j\9.5.1\feign-slf4j-9.5.1.jar;D:\maven\repository\io\github\openfeign\feign-hystrix\9.5.1\feign-hystrix-9.5.1.jar;D:\maven\repository\io\github\openfeign\feign-java8\9.5.1\feign-java8-9.5.1.jar;D:\maven\repository\com\fasterxml\jackson\core\jackson-databind\2.9.5\jackson-databind-2.9.5.jar;D:\maven\repository\com\fasterxml\jackson\core\jackson-annotations\2.9.0\jackson-annotations-2.9.0.jar;D:\maven\repository\com\fasterxml\jackson\core\jackson-core\2.9.5\jackson-core-2.9.5.jar;D:\workspack\project\gostyu\passcloud-master\paascloud-provider-api\paascloud-provider-omc-api\target\paascloud-provider-omc-api-0.0.1-SNAPSHOT.jar;D:\workspack\project\gostyu\passcloud-master\passcloud-common\passcloud-common-base\target\passcloud-common-base-0.0.1-SNAPSHOT.jar;D:\workspack\project\gostyu\passcloud-master\passcloud-common\passcloud-security-feign\target\passcloud-security-feign-0.0.1-SNAPSHOT.jar;D:\maven\repository\com\netflix\feign\feign-okhttp\8.18.0\feign-okhttp-8.18.0.jar;D:\maven\repository\com\netflix\feign\feign-core\8.18.0\feign-core-8.18.0.jar;D:\maven\repository\org\jvnet\animal-sniffer-annotation\1.0\animal-sniffer-annotation-1.0.jar;D:\workspack\project\gostyu\passcloud-master\paascloud-provider-api\paascloud-provider-mdc-api\target\paascloud-provider-mdc-api-0.0.1-SNAPSHOT.jar;D:\workspack\project\gostyu\passcloud-master\paascloud-provider-api\paascloud-provider-opc-api\target\paascloud-provider-opc-api-0.0.1-SNAPSHOT.jar;D:\maven\repository\io\github\openfeign\form\feign-form\3.0.3\feign-form-3.0.3.jar;D:\maven\repository\io\github\openfeign\form\feign-form-spring\3.0.3\feign-form-spring-3.0.3.jar;D:\workspack\project\gostyu\passcloud-master\paascloud-provider-api\paascloud-provider-sdk-api\target\paascloud-provider-sdk-api-0.0.1-SNAPSHOT.jar;D:\workspack\project\gostyu\passcloud-master\paascloud-provider-api\paascloud-provider-tpc-api\target\paascloud-provider-tpc-api-0.0.1-SNAPSHOT.jar;D:\workspack\project\gostyu\passcloud-master\passcloud-common\passcloud-common-zk\target\passcloud-common-zk-0.0.1-SNAPSHOT.jar;D:\maven\repository\org\apache\curator\curator-framework\4.0.1\curator-framework-4.0.1.jar;D:\maven\repository\org\apache\curator\curator-recipes\4.0.1\curator-recipes-4.0.1.jar;D:\maven\repository\org\apache\curator\curator-client\4.0.1\curator-client-4.0.1.jar;D:\maven\repository\org\apache\zookeeper\zookeeper\3.5.3-beta\zookeeper-3.5.3-beta.jar;D:\maven\repository\commons-cli\commons-cli\1.2\commons-cli-1.2.jar;D:\maven\repository\io\netty\netty\3.10.5.Final\netty-3.10.5.Final.jar;D:\maven\repository\tk\mybatis\mapper\4.0.3\mapper-4.0.3.jar;D:\maven\repository\javax\persistence\persistence-api\1.0.2\persistence-api-1.0.2.jar;D:\maven\repository\org\aspectj\aspectjweaver\1.8.13\aspectjweaver-1.8.13.jar;D:\maven\repository\org\springframework\spring-tx\5.0.6.RELEASE\spring-tx-5.0.6.RELEASE.jar;D:\maven\repository\org\springframework\spring-beans\5.0.6.RELEASE\spring-beans-5.0.6.RELEASE.jar;D:\maven\repository\org\apache\rocketmq\rocketmq-client\4.3.0\rocketmq-client-4.3.0.jar;D:\maven\repository\org\apache\rocketmq\rocketmq-common\4.3.0\rocketmq-common-4.3.0.jar;D:\maven\repository\org\apache\rocketmq\rocketmq-remoting\4.3.0\rocketmq-remoting-4.3.0.jar;D:\maven\repository\io\netty\netty-all\4.1.24.Final\netty-all-4.1.24.Final.jar;D:\maven\repository\org\apache\rocketmq\rocketmq-logging\4.3.0\rocketmq-logging-4.3.0.jar;D:\maven\repository\io\netty\netty-tcnative-boringssl-static\1.1.33.Fork26\netty-tcnative-boringssl-static-1.1.33.Fork26.jar;D:\maven\repository\com\aliyun\aliyun-java-sdk-core\4.0.7\aliyun-java-sdk-core-4.0.7.jar;D:\maven\repository\com\google\code\gson\gson\2.8.4\gson-2.8.4.jar;D:\maven\repository\org\apache\httpcomponents\httpclient\4.5.5\httpclient-4.5.5.jar;D:\maven\repository\org\apache\httpcomponents\httpcore\4.4.9\httpcore-4.4.9.jar;D:\maven\repository\javax\xml\bind\jaxb-api\2.3.0\jaxb-api-2.3.0.jar;D:\maven\repository\com\sun\xml\bind\jaxb-core\2.1.14\jaxb-core-2.1.14.jar;D:\maven\repository\com\sun\xml\bind\jaxb-impl\2.1\jaxb-impl-2.1.jar;D:\maven\repository\javax\activation\activation\1.1.1\activation-1.1.1.jar;D:\maven\repository\com\aliyun\aliyun-java-sdk-dysmsapi\1.1.0\aliyun-java-sdk-dysmsapi-1.1.0.jar;D:\maven\repository\com\qiniu\qiniu-java-sdk\7.2.14\qiniu-java-sdk-7.2.14.jar;D:\maven\repository\com\squareup\okhttp3\okhttp\3.8.1\okhttp-3.8.1.jar;D:\maven\repository\com\squareup\okio\okio\1.13.0\okio-1.13.0.jar;D:\maven\repository\com\qiniu\happy-dns-java\0.1.6\happy-dns-java-0.1.6.jar;D:\maven\repository\org\springframework\boot\spring-boot-starter-mail\2.0.2.RELEASE\spring-boot-starter-mail-2.0.2.RELEASE.jar;D:\maven\repository\org\springframework\spring-context\5.0.6.RELEASE\spring-context-5.0.6.RELEASE.jar;D:\maven\repository\org\springframework\spring-expression\5.0.6.RELEASE\spring-expression-5.0.6.RELEASE.jar;D:\maven\repository\org\springframework\spring-context-support\5.0.6.RELEASE\spring-context-support-5.0.6.RELEASE.jar;D:\maven\repository\com\sun\mail\javax.mail\1.6.1\javax.mail-1.6.1.jar;D:\maven\repository\org\springframework\boot\spring-boot-starter-freemarker\2.0.2.RELEASE\spring-boot-starter-freemarker-2.0.2.RELEASE.jar;D:\maven\repository\org\freemarker\freemarker\2.3.28\freemarker-2.3.28.jar;D:\maven\repository\de\codecentric\spring-boot-admin-starter-client\2.0.0\spring-boot-admin-starter-client-2.0.0.jar;D:\maven\repository\de\codecentric\spring-boot-admin-client\2.0.0\spring-boot-admin-client-2.0.0.jar;D:\maven\repository\com\github\penggle\kaptcha\2.3.2\kaptcha-2.3.2.jar;D:\maven\repository\javax\servlet\javax.servlet-api\3.1.0\javax.servlet-api-3.1.0.jar;D:\maven\repository\com\jhlabs\filters\2.0.235-1\filters-2.0.235-1.jar;D:\maven\repository\commons-io\commons-io\2.6\commons-io-2.6.jar;D:\maven\repository\org\springframework\retry\spring-retry\1.2.2.RELEASE\spring-retry-1.2.2.RELEASE.jar;D:\maven\repository\org\springframework\spring-core\5.0.6.RELEASE\spring-core-5.0.6.RELEASE.jar;D:\maven\repository\org\springframework\spring-jcl\5.0.6.RELEASE\spring-jcl-5.0.6.RELEASE.jar;D:\maven\repository\org\springframework\cloud\spring-cloud-starter-config\2.0.1.RELEASE\spring-cloud-starter-config-2.0.1.RELEASE.jar;D:\maven\repository\org\springframework\cloud\spring-cloud-starter\2.0.1.RELEASE\spring-cloud-starter-2.0.1.RELEASE.jar;D:\maven\repository\org\springframework\cloud\spring-cloud-context\2.0.1.RELEASE\spring-cloud-context-2.0.1.RELEASE.jar;D:\maven\repository\org\springframework\security\spring-security-rsa\1.0.5.RELEASE\spring-security-rsa-1.0.5.RELEASE.jar;D:\maven\repository\org\springframework\cloud\spring-cloud-config-client\2.0.1.RELEASE\spring-cloud-config-client-2.0.1.RELEASE.jar;D:\maven\repository\org\springframework\cloud\spring-cloud-starter-netflix-eureka-client\2.0.1.RELEASE\spring-cloud-starter-netflix-eureka-client-2.0.1.RELEASE.jar;D:\maven\repository\org\springframework\cloud\spring-cloud-netflix-core\2.0.1.RELEASE\spring-cloud-netflix-core-2.0.1.RELEASE.jar;D:\maven\repository\org\springframework\cloud\spring-cloud-netflix-eureka-client\2.0.1.RELEASE\spring-cloud-netflix-eureka-client-2.0.1.RELEASE.jar;D:\maven\repository\com\netflix\eureka\eureka-client\1.9.3\eureka-client-1.9.3.jar;D:\maven\repository\org\codehaus\jettison\jettison\1.3.7\jettison-1.3.7.jar;D:\maven\repository\stax\stax-api\1.0.1\stax-api-1.0.1.jar;D:\maven\repository\com\netflix\netflix-commons\netflix-eventbus\0.3.0\netflix-eventbus-0.3.0.jar;D:\maven\repository\com\netflix\netflix-commons\netflix-infix\0.3.0\netflix-infix-0.3.0.jar;D:\maven\repository\commons-jxpath\commons-jxpath\1.3\commons-jxpath-1.3.jar;D:\maven\repository\org\antlr\antlr-runtime\3.4\antlr-runtime-3.4.jar;D:\maven\repository\org\antlr\stringtemplate\3.2.1\stringtemplate-3.2.1.jar;D:\maven\repository\antlr\antlr\2.7.7\antlr-2.7.7.jar;D:\maven\repository\org\apache\commons\commons-math\2.2\commons-math-2.2.jar;D:\maven\repository\com\netflix\archaius\archaius-core\0.7.6\archaius-core-0.7.6.jar;D:\maven\repository\javax\ws\rs\jsr311-api\1.1.1\jsr311-api-1.1.1.jar;D:\maven\repository\com\netflix\servo\servo-core\0.12.21\servo-core-0.12.21.jar;D:\maven\repository\com\sun\jersey\jersey-core\1.19.1\jersey-core-1.19.1.jar;D:\maven\repository\com\sun\jersey\jersey-client\1.19.1\jersey-client-1.19.1.jar;D:\maven\repository\com\sun\jersey\contribs\jersey-apache-client4\1.19.1\jersey-apache-client4-1.19.1.jar;D:\maven\repository\com\google\inject\guice\4.1.0\guice-4.1.0.jar;D:\maven\repository\javax\inject\javax.inject\1\javax.inject-1.jar;D:\maven\repository\aopalliance\aopalliance\1.0\aopalliance-1.0.jar;D:\maven\repository\com\github\vlsi\compactmap\compactmap\1.2.1\compactmap-1.2.1.jar;D:\maven\repository\com\github\andrewoma\dexx\dexx-collections\0.2\dexx-collections-0.2.jar;D:\maven\repository\com\netflix\eureka\eureka-core\1.9.3\eureka-core-1.9.3.jar;D:\maven\repository\org\codehaus\woodstox\woodstox-core-asl\4.4.1\woodstox-core-asl-4.4.1.jar;D:\maven\repository\javax\xml\stream\stax-api\1.0-2\stax-api-1.0-2.jar;D:\maven\repository\org\codehaus\woodstox\stax2-api\3.1.4\stax2-api-3.1.4.jar;D:\maven\repository\org\springframework\cloud\spring-cloud-starter-netflix-archaius\2.0.1.RELEASE\spring-cloud-starter-netflix-archaius-2.0.1.RELEASE.jar;D:\maven\repository\org\springframework\cloud\spring-cloud-netflix-ribbon\2.0.1.RELEASE\spring-cloud-netflix-ribbon-2.0.1.RELEASE.jar;D:\maven\repository\org\springframework\cloud\spring-cloud-netflix-archaius\2.0.1.RELEASE\spring-cloud-netflix-archaius-2.0.1.RELEASE.jar;D:\maven\repository\commons-configuration\commons-configuration\1.8\commons-configuration-1.8.jar;D:\maven\repository\commons-lang\commons-lang\2.6\commons-lang-2.6.jar;D:\maven\repository\org\springframework\cloud\spring-cloud-starter-netflix-ribbon\2.0.1.RELEASE\spring-cloud-starter-netflix-ribbon-2.0.1.RELEASE.jar;D:\maven\repository\com\netflix\ribbon\ribbon\2.2.5\ribbon-2.2.5.jar;D:\maven\repository\com\netflix\ribbon\ribbon-transport\2.2.5\ribbon-transport-2.2.5.jar;D:\maven\repository\io\reactivex\rxnetty-contexts\0.4.9\rxnetty-contexts-0.4.9.jar;D:\maven\repository\io\reactivex\rxnetty-servo\0.4.9\rxnetty-servo-0.4.9.jar;D:\maven\repository\io\reactivex\rxnetty\0.4.9\rxnetty-0.4.9.jar;D:\maven\repository\io\netty\netty-codec-http\4.1.24.Final\netty-codec-http-4.1.24.Final.jar;D:\maven\repository\io\netty\netty-codec\4.1.24.Final\netty-codec-4.1.24.Final.jar;D:\maven\repository\io\netty\netty-transport-native-epoll\4.1.24.Final\netty-transport-native-epoll-4.1.24.Final.jar;D:\maven\repository\io\netty\netty-common\4.1.24.Final\netty-common-4.1.24.Final.jar;D:\maven\repository\io\netty\netty-buffer\4.1.24.Final\netty-buffer-4.1.24.Final.jar;D:\maven\repository\io\netty\netty-transport-native-unix-common\4.1.24.Final\netty-transport-native-unix-common-4.1.24.Final.jar;D:\maven\repository\io\netty\netty-transport\4.1.24.Final\netty-transport-4.1.24.Final.jar;D:\maven\repository\io\netty\netty-resolver\4.1.24.Final\netty-resolver-4.1.24.Final.jar;D:\maven\repository\com\netflix\ribbon\ribbon-core\2.2.5\ribbon-core-2.2.5.jar;D:\maven\repository\com\netflix\ribbon\ribbon-httpclient\2.2.5\ribbon-httpclient-2.2.5.jar;D:\maven\repository\com\netflix\netflix-commons\netflix-commons-util\0.3.0\netflix-commons-util-0.3.0.jar;D:\maven\repository\com\netflix\ribbon\ribbon-loadbalancer\2.2.5\ribbon-loadbalancer-2.2.5.jar;D:\maven\repository\com\netflix\netflix-commons\netflix-statistics\0.1.1\netflix-statistics-0.1.1.jar;D:\maven\repository\io\reactivex\rxjava\1.2.0\rxjava-1.2.0.jar;D:\maven\repository\com\netflix\ribbon\ribbon-eureka\2.2.5\ribbon-eureka-2.2.5.jar;D:\maven\repository\com\thoughtworks\xstream\xstream\1.4.10\xstream-1.4.10.jar;D:\maven\repository\xmlpull\xmlpull\1.1.3.1\xmlpull-1.1.3.1.jar;D:\maven\repository\xpp3\xpp3_min\1.1.4c\xpp3_min-1.1.4c.jar;D:\maven\repository\org\springframework\cloud\spring-cloud-starter-sleuth\2.0.1.RELEASE\spring-cloud-starter-sleuth-2.0.1.RELEASE.jar;D:\maven\repository\org\springframework\cloud\spring-cloud-sleuth-core\2.0.1.RELEASE\spring-cloud-sleuth-core-2.0.1.RELEASE.jar;D:\maven\repository\org\aspectj\aspectjrt\1.8.13\aspectjrt-1.8.13.jar;D:\maven\repository\io\zipkin\brave\brave\5.1.4\brave-5.1.4.jar;D:\maven\repository\io\zipkin\brave\brave-context-log4j2\5.1.4\brave-context-log4j2-5.1.4.jar;D:\maven\repository\io\zipkin\brave\brave-instrumentation-spring-web\5.1.4\brave-instrumentation-spring-web-5.1.4.jar;D:\maven\repository\io\zipkin\brave\brave-instrumentation-http\5.1.4\brave-instrumentation-http-5.1.4.jar;D:\maven\repository\io\zipkin\brave\brave-instrumentation-spring-rabbit\5.1.4\brave-instrumentation-spring-rabbit-5.1.4.jar;D:\maven\repository\io\zipkin\brave\brave-instrumentation-kafka-clients\5.1.4\brave-instrumentation-kafka-clients-5.1.4.jar;D:\maven\repository\io\zipkin\brave\brave-instrumentation-httpclient\5.1.4\brave-instrumentation-httpclient-5.1.4.jar;D:\maven\repository\io\zipkin\brave\brave-instrumentation-httpasyncclient\5.1.4\brave-instrumentation-httpasyncclient-5.1.4.jar;D:\maven\repository\io\zipkin\brave\brave-instrumentation-spring-webmvc\5.1.4\brave-instrumentation-spring-webmvc-5.1.4.jar;D:\maven\repository\io\zipkin\brave\brave-instrumentation-servlet\5.1.4\brave-instrumentation-servlet-5.1.4.jar;D:\maven\repository\org\springframework\cloud\spring-cloud-sleuth-zipkin\2.0.1.RELEASE\spring-cloud-sleuth-zipkin-2.0.1.RELEASE.jar;D:\maven\repository\org\springframework\spring-web\5.0.6.RELEASE\spring-web-5.0.6.RELEASE.jar;D:\maven\repository\org\springframework\cloud\spring-cloud-commons\2.0.1.RELEASE\spring-cloud-commons-2.0.1.RELEASE.jar;D:\maven\repository\org\springframework\security\spring-security-crypto\5.0.5.RELEASE\spring-security-crypto-5.0.5.RELEASE.jar;D:\maven\repository\io\zipkin\zipkin2\zipkin\2.10.4\zipkin-2.10.4.jar;D:\maven\repository\io\zipkin\reporter2\zipkin-reporter\2.7.7\zipkin-reporter-2.7.7.jar;D:\maven\repository\io\zipkin\reporter2\zipkin-sender-kafka11\2.7.7\zipkin-sender-kafka11-2.7.7.jar;D:\maven\repository\io\zipkin\reporter2\zipkin-sender-amqp-client\2.7.7\zipkin-sender-amqp-client-2.7.7.jar;D:\maven\repository\tk\mybatis\mapper-spring-boot-starter\2.0.2\mapper-spring-boot-starter-2.0.2.jar;D:\maven\repository\tk\mybatis\mapper-base\1.0.1\mapper-base-1.0.1.jar;D:\maven\repository\tk\mybatis\mapper-weekend\1.1.3\mapper-weekend-1.1.3.jar;D:\maven\repository\tk\mybatis\mapper-spring\1.0.1\mapper-spring-1.0.1.jar;D:\maven\repository\tk\mybatis\mapper-extra\1.0.1\mapper-extra-1.0.1.jar;D:\maven\repository\tk\mybatis\mapper-spring-boot-autoconfigure\2.0.2\mapper-spring-boot-autoconfigure-2.0.2.jar;D:\workspack\project\gostyu\passcloud-master\passcloud-common\passcloud-common-util\target\passcloud-common-util-0.0.1-SNAPSHOT.jar;D:\maven\repository\org\apache\commons\commons-lang3\3.7\commons-lang3-3.7.jar;D:\maven\repository\ch\qos\logback\logback-classic\1.2.3\logback-classic-1.2.3.jar;D:\maven\repository\org\codehaus\jackson\jackson-smile\1.9.13\jackson-smile-1.9.13.jar;D:\maven\repository\org\codehaus\jackson\jackson-core-asl\1.9.13\jackson-core-asl-1.9.13.jar;D:\maven\repository\org\codehaus\jackson\jackson-mapper-asl\1.9.13\jackson-mapper-asl-1.9.13.jar;D:\maven\repository\com\xiaoleilu\hutool-all\3.3.2\hutool-all-3.3.2.jar;D:\maven\repository\commons-beanutils\commons-beanutils\1.9.3\commons-beanutils-1.9.3.jar;D:\maven\repository\commons-logging\commons-logging\1.2\commons-logging-1.2.jar;D:\maven\repository\commons-collections\commons-collections\3.2.2\commons-collections-3.2.2.jar;D:\maven\repository\org\springframework\boot\spring-boot-starter-data-redis\2.0.2.RELEASE\spring-boot-starter-data-redis-2.0.2.RELEASE.jar;D:\maven\repository\org\springframework\data\spring-data-redis\2.0.7.RELEASE\spring-data-redis-2.0.7.RELEASE.jar;D:\maven\repository\org\springframework\data\spring-data-keyvalue\2.0.7.RELEASE\spring-data-keyvalue-2.0.7.RELEASE.jar;D:\maven\repository\org\springframework\data\spring-data-commons\2.0.7.RELEASE\spring-data-commons-2.0.7.RELEASE.jar;D:\maven\repository\org\springframework\spring-oxm\5.0.6.RELEASE\spring-oxm-5.0.6.RELEASE.jar;D:\maven\repository\redis\clients\jedis\2.9.0\jedis-2.9.0.jar;D:\maven\repository\org\apache\commons\commons-pool2\2.5.0\commons-pool2-2.5.0.jar;D:\maven\repository\com\alibaba\fastjson\1.2.47\fastjson-1.2.47.jar;D:\workspack\project\gostyu\passcloud-master\passcloud-common\passcloud-common-core\target\passcloud-common-core-0.0.1-SNAPSHOT.jar;D:\maven\repository\org\springframework\cloud\spring-cloud-starter-oauth2\2.0.0.RELEASE\spring-cloud-starter-oauth2-2.0.0.RELEASE.jar;D:\maven\repository\org\springframework\cloud\spring-cloud-starter-security\2.0.0.RELEASE\spring-cloud-starter-security-2.0.0.RELEASE.jar;D:\maven\repository\org\springframework\cloud\spring-cloud-security\2.0.0.RELEASE\spring-cloud-security-2.0.0.RELEASE.jar;D:\maven\repository\org\springframework\boot\spring-boot-starter-security\2.0.2.RELEASE\spring-boot-starter-security-2.0.2.RELEASE.jar;D:\maven\repository\org\springframework\security\oauth\boot\spring-security-oauth2-autoconfigure\2.0.0.RELEASE\spring-security-oauth2-autoconfigure-2.0.0.RELEASE.jar;D:\maven\repository\org\springframework\security\oauth\spring-security-oauth2\2.2.1.RELEASE\spring-security-oauth2-2.2.1.RELEASE.jar;D:\maven\repository\org\springframework\security\spring-security-core\5.0.5.RELEASE\spring-security-core-5.0.5.RELEASE.jar;D:\maven\repository\org\springframework\security\spring-security-config\5.0.5.RELEASE\spring-security-config-5.0.5.RELEASE.jar;D:\maven\repository\org\springframework\security\spring-security-web\5.0.5.RELEASE\spring-security-web-5.0.5.RELEASE.jar;D:\workspack\project\gostyu\passcloud-master\passcloud-common\passcloud-common-conf\target\passcloud-common-conf-0.0.1-SNAPSHOT.jar;D:\maven\repository\eu\bitwalker\UserAgentUtils\1.20\UserAgentUtils-1.20.jar;D:\maven\repository\com\fasterxml\jackson\module\jackson-module-parameter-names\2.9.5\jackson-module-parameter-names-2.9.5.jar;D:\maven\repository\com\fasterxml\jackson\datatype\jackson-datatype-jdk8\2.9.5\jackson-datatype-jdk8-2.9.5.jar;D:\maven\repository\com\fasterxml\jackson\datatype\jackson-datatype-jsr310\2.9.5\jackson-datatype-jsr310-2.9.5.jar;D:\maven\repository\io\jsonwebtoken\jjwt\0.9.0\jjwt-0.9.0.jar;D:\maven\repository\com\arronlong\httpclientutil\httpclientutil\1.0\httpclientutil-1.0.jar;D:\maven\repository\org\apache\httpcomponents\httpmime\4.5.5\httpmime-4.5.5.jar;D:\maven\repository\org\apache\httpcomponents\httpasyncclient\4.1.3\httpasyncclient-4.1.3.jar;D:\maven\repository\org\apache\httpcomponents\httpcore-nio\4.4.9\httpcore-nio-4.4.9.jar;D:\maven\repository\log4j\log4j\1.2.17\log4j-1.2.17.jar;D:\maven\repository\com\netflix\hystrix\hystrix-core\1.5.12\hystrix-core-1.5.12.jar;D:\maven\repository\org\hdrhistogram\HdrHistogram\2.1.9\HdrHistogram-2.1.9.jar;D:\maven\repository\org\springframework\boot\spring-boot-starter-actuator\2.0.2.RELEASE\spring-boot-starter-actuator-2.0.2.RELEASE.jar;D:\maven\repository\org\springframework\boot\spring-boot-actuator-autoconfigure\2.0.2.RELEASE\spring-boot-actuator-autoconfigure-2.0.2.RELEASE.jar;D:\maven\repository\org\springframework\boot\spring-boot-actuator\2.0.2.RELEASE\spring-boot-actuator-2.0.2.RELEASE.jar;D:\maven\repository\io\micrometer\micrometer-core\1.0.4\micrometer-core-1.0.4.jar;D:\maven\repository\org\latencyutils\LatencyUtils\2.0.3\LatencyUtils-2.0.3.jar;D:\maven\repository\org\springframework\cloud\spring-cloud-starter-hystrix\1.4.5.RELEASE\spring-cloud-starter-hystrix-1.4.5.RELEASE.jar;D:\maven\repository\org\springframework\cloud\spring-cloud-starter-netflix-hystrix\2.0.1.RELEASE\spring-cloud-starter-netflix-hystrix-2.0.1.RELEASE.jar;D:\maven\repository\com\netflix\hystrix\hystrix-serialization\1.5.12\hystrix-serialization-1.5.12.jar;D:\maven\repository\com\fasterxml\jackson\module\jackson-module-afterburner\2.9.5\jackson-module-afterburner-2.9.5.jar;D:\maven\repository\com\netflix\hystrix\hystrix-metrics-event-stream\1.5.12\hystrix-metrics-event-stream-1.5.12.jar;D:\maven\repository\io\reactivex\rxjava-reactive-streams\1.2.1\rxjava-reactive-streams-1.2.1.jar;D:\maven\repository\org\reactivestreams\reactive-streams\1.0.2\reactive-streams-1.0.2.jar;D:\maven\repository\org\springframework\boot\spring-boot-starter-web\2.0.2.RELEASE\spring-boot-starter-web-2.0.2.RELEASE.jar;D:\maven\repository\org\springframework\boot\spring-boot-starter-json\2.0.2.RELEASE\spring-boot-starter-json-2.0.2.RELEASE.jar;D:\maven\repository\org\springframework\boot\spring-boot-starter-tomcat\2.0.2.RELEASE\spring-boot-starter-tomcat-2.0.2.RELEASE.jar;D:\maven\repository\org\apache\tomcat\embed\tomcat-embed-core\8.5.31\tomcat-embed-core-8.5.31.jar;D:\maven\repository\org\apache\tomcat\embed\tomcat-embed-websocket\8.5.31\tomcat-embed-websocket-8.5.31.jar;D:\maven\repository\org\hibernate\validator\hibernate-validator\6.0.9.Final\hibernate-validator-6.0.9.Final.jar;D:\maven\repository\javax\validation\validation-api\2.0.1.Final\validation-api-2.0.1.Final.jar;D:\maven\repository\org\jboss\logging\jboss-logging\3.3.2.Final\jboss-logging-3.3.2.Final.jar;D:\maven\repository\org\springframework\spring-webmvc\5.0.6.RELEASE\spring-webmvc-5.0.6.RELEASE.jar;D:\maven\repository\net\logstash\logback\logstash-logback-encoder\5.1\logstash-logback-encoder-5.1.jar;D:\maven\repository\ch\qos\logback\logback-core\1.2.3\logback-core-1.2.3.jar;D:\maven\repository\com\google\guava\guava\26.0-jre\guava-26.0-jre.jar;D:\maven\repository\com\google\code\findbugs\jsr305\3.0.2\jsr305-3.0.2.jar;D:\maven\repository\org\checkerframework\checker-qual\2.5.2\checker-qual-2.5.2.jar;D:\maven\repository\com\google\errorprone\error_prone_annotations\2.1.3\error_prone_annotations-2.1.3.jar;D:\maven\repository\com\google\j2objc\j2objc-annotations\1.1\j2objc-annotations-1.1.jar;D:\maven\repository\org\codehaus\mojo\animal-sniffer-annotations\1.14\animal-sniffer-annotations-1.14.jar;D:\maven\repository\org\springframework\boot\spring-boot-starter-validation\2.0.2.RELEASE\spring-boot-starter-validation-2.0.2.RELEASE.jar;D:\maven\repository\org\apache\tomcat\embed\tomcat-embed-el\8.5.31\tomcat-embed-el-8.5.31.jar;D:\maven\repository\io\springfox\springfox-swagger-ui\2.8.0\springfox-swagger-ui-2.8.0.jar;D:\maven\repository\io\springfox\springfox-spring-web\2.8.0\springfox-spring-web-2.8.0.jar;D:\maven\repository\org\reflections\reflections\0.9.11\reflections-0.9.11.jar;D:\maven\repository\org\javassist\javassist\3.21.0-GA\javassist-3.21.0-GA.jar;D:\maven\repository\io\springfox\springfox-swagger2\2.8.0\springfox-swagger2-2.8.0.jar;D:\maven\repository\io\swagger\swagger-annotations\1.5.18\swagger-annotations-1.5.18.jar;D:\maven\repository\io\swagger\swagger-models\1.5.14\swagger-models-1.5.14.jar;D:\maven\repository\io\springfox\springfox-spi\2.8.0\springfox-spi-2.8.0.jar;D:\maven\repository\io\springfox\springfox-core\2.8.0\springfox-core-2.8.0.jar;D:\maven\repository\io\springfox\springfox-schema\2.8.0\springfox-schema-2.8.0.jar;D:\maven\repository\io\springfox\springfox-swagger-common\2.8.0\springfox-swagger-common-2.8.0.jar;D:\maven\repository\com\fasterxml\classmate\1.3.4\classmate-1.3.4.jar;D:\maven\repository\org\springframework\plugin\spring-plugin-core\1.2.0.RELEASE\spring-plugin-core-1.2.0.RELEASE.jar;D:\maven\repository\org\springframework\plugin\spring-plugin-metadata\1.2.0.RELEASE\spring-plugin-metadata-1.2.0.RELEASE.jar;D:\maven\repository\org\mapstruct\mapstruct\1.2.0.Final\mapstruct-1.2.0.Final.jar;D:\maven\repository\commons-codec\commons-codec\1.11\commons-codec-1.11.jar;D:\maven\repository\com\alibaba\druid\1.1.10\druid-1.1.10.jar;D:\maven\repository\org\mybatis\generator\mybatis-generator-core\1.3.7\mybatis-generator-core-1.3.7.jar;D:\maven\repository\org\springframework\boot\spring-boot-configuration-processor\2.0.2.RELEASE\spring-boot-configuration-processor-2.0.2.RELEASE.jar;D:\maven\repository\org\springframework\boot\spring-boot-devtools\2.0.2.RELEASE\spring-boot-devtools-2.0.2.RELEASE.jar;D:\maven\repository\org\springframework\boot\spring-boot\2.0.2.RELEASE\spring-boot-2.0.2.RELEASE.jar;D:\maven\repository\org\springframework\boot\spring-boot-starter-aop\2.0.2.RELEASE\spring-boot-starter-aop-2.0.2.RELEASE.jar;D:\maven\repository\org\springframework\spring-aop\5.0.6.RELEASE\spring-aop-5.0.6.RELEASE.jar;D:\maven\repository\org\modelmapper\modelmapper\2.1.1\modelmapper-2.1.1.jar;D:\maven\repository\org\jolokia\jolokia-core\1.5.0\jolokia-core-1.5.0.jar;D:\maven\repository\com\googlecode\json-simple\json-simple\1.1.1\json-simple-1.1.1.jar;D:\maven\repository\org\springframework\security\spring-security-jwt\1.0.9.RELEASE\spring-security-jwt-1.0.9.RELEASE.jar;D:\maven\repository\org\bouncycastle\bcpkix-jdk15on\1.56\bcpkix-jdk15on-1.56.jar;D:\maven\repository\org\bouncycastle\bcprov-jdk15on\1.56\bcprov-jdk15on-1.56.jar;D:\maven\repository\org\liquibase\liquibase-core\3.5.3\liquibase-core-3.5.3.jar;D:\maven\repository\org\yaml\snakeyaml\1.19\snakeyaml-1.19.jar;D:\maven\repository\org\springframework\cloud\spring-cloud-starter-zipkin\2.0.1.RELEASE\spring-cloud-starter-zipkin-2.0.1.RELEASE.jar;D:\maven\repository\org\springframework\amqp\spring-rabbit\2.0.3.RELEASE\spring-rabbit-2.0.3.RELEASE.jar;D:\maven\repository\org\springframework\amqp\spring-amqp\2.0.3.RELEASE\spring-amqp-2.0.3.RELEASE.jar;D:\maven\repository\com\rabbitmq\amqp-client\5.1.2\amqp-client-5.1.2.jar;D:\maven\repository\org\springframework\spring-messaging\5.0.6.RELEASE\spring-messaging-5.0.6.RELEASE.jar;D:\maven\repository\org\springframework\boot\spring-boot-starter-undertow\2.0.2.RELEASE\spring-boot-starter-undertow-2.0.2.RELEASE.jar;D:\maven\repository\io\undertow\undertow-core\1.4.25.Final\undertow-core-1.4.25.Final.jar;D:\maven\repository\org\jboss\xnio\xnio-api\3.3.8.Final\xnio-api-3.3.8.Final.jar;D:\maven\repository\org\jboss\xnio\xnio-nio\3.3.8.Final\xnio-nio-3.3.8.Final.jar;D:\maven\repository\io\undertow\undertow-servlet\1.4.25.Final\undertow-servlet-1.4.25.Final.jar;D:\maven\repository\org\jboss\spec\javax\annotation\jboss-annotations-api_1.2_spec\1.0.2.Final\jboss-annotations-api_1.2_spec-1.0.2.Final.jar;D:\maven\repository\io\undertow\undertow-websockets-jsr\1.4.25.Final\undertow-websockets-jsr-1.4.25.Final.jar;D:\maven\repository\org\jboss\spec\javax\websocket\jboss-websocket-api_1.1_spec\1.1.3.Final\jboss-websocket-api_1.1_spec-1.1.3.Final.jar;D:\maven\repository\org\glassfish\javax.el\3.0.0\javax.el-3.0.0.jar;D:\maven\repository\org\springframework\boot\spring-boot-starter-test\2.0.2.RELEASE\spring-boot-starter-test-2.0.2.RELEASE.jar;D:\maven\repository\org\springframework\boot\spring-boot-test\2.0.2.RELEASE\spring-boot-test-2.0.2.RELEASE.jar;D:\maven\repository\org\springframework\boot\spring-boot-test-autoconfigure\2.0.2.RELEASE\spring-boot-test-autoconfigure-2.0.2.RELEASE.jar;D:\maven\repository\com\jayway\jsonpath\json-path\2.4.0\json-path-2.4.0.jar;D:\maven\repository\net\minidev\json-smart\2.3\json-smart-2.3.jar;D:\maven\repository\net\minidev\accessors-smart\1.2\accessors-smart-1.2.jar;D:\maven\repository\junit\junit\4.12\junit-4.12.jar;D:\maven\repository\org\assertj\assertj-core\3.9.1\assertj-core-3.9.1.jar;D:\maven\repository\org\mockito\mockito-core\2.15.0\mockito-core-2.15.0.jar;D:\maven\repository\net\bytebuddy\byte-buddy\1.7.11\byte-buddy-1.7.11.jar;D:\maven\repository\net\bytebuddy\byte-buddy-agent\1.7.11\byte-buddy-agent-1.7.11.jar;D:\maven\repository\org\objenesis\objenesis\2.6\objenesis-2.6.jar;D:\maven\repository\org\hamcrest\hamcrest-core\1.3\hamcrest-core-1.3.jar;D:\maven\repository\org\hamcrest\hamcrest-library\1.3\hamcrest-library-1.3.jar;D:\maven\repository\org\skyscreamer\jsonassert\1.5.0\jsonassert-1.5.0.jar;D:\maven\repository\com\vaadin\external\google\android-json\0.0.20131108.vaadin1\android-json-0.0.20131108.vaadin1.jar;D:\maven\repository\org\springframework\spring-test\5.0.6.RELEASE\spring-test-5.0.6.RELEASE.jar;D:\maven\repository\org\xmlunit\xmlunit-core\2.5.1\xmlunit-core-2.5.1.jar;D:\maven\repository\org\springframework\boot\spring-boot-properties-migrator\2.0.4.RELEASE\spring-boot-properties-migrator-2.0.4.RELEASE.jar;D:\maven\repository\org\springframework\boot\spring-boot-configuration-metadata\2.0.2.RELEASE\spring-boot-configuration-metadata-2.0.2.RELEASE.jar;D:\maven\repository\com\netflix\hystrix\hystrix-javanica\1.5.12\hystrix-javanica-1.5.12.jar;D:\maven\repository\org\ow2\asm\asm\5.0.4\asm-5.0.4.jar;D:\maven\repository\org\projectlombok\lombok\1.16.20\lombok-1.16.20.jar;, user.name=Shinelon, java.vm.specification.version=1.8, sun.java.command=D:\workspack\project\gostyu\passcloud-master\paascloud-provider\paascloud-provider-opc\target\surefire\surefirebooter3556540888258900826.jar D:\workspack\project\gostyu\passcloud-master\paascloud-provider\paascloud-provider-opc\target\surefire\surefire5527348084519158593tmp D:\workspack\project\gostyu\passcloud-master\paascloud-provider\paascloud-provider-opc\target\surefire\surefire_02092144012449020107tmp, java.home=C:\Program Files\Java\jdk1.8.0_40\jre, sun.arch.data.model=64, user.language=zh, java.specification.vendor=Oracle Corporation, awt.toolkit=sun.awt.windows.WToolkit, java.vm.info=mixed mode, java.version=1.8.0_25, java.ext.dirs=C:\Program Files\Java\jdk1.8.0_40\jre\lib\ext;C:\WINDOWS\Sun\Java\lib\ext, sun.boot.class.path=C:\Program Files\Java\jdk1.8.0_40\jre\lib\resources.jar;C:\Program Files\Java\jdk1.8.0_40\jre\lib\rt.jar;C:\Program Files\Java\jdk1.8.0_40\jre\lib\sunrsasign.jar;C:\Program Files\Java\jdk1.8.0_40\jre\lib\jsse.jar;C:\Program Files\Java\jdk1.8.0_40\jre\lib\jce.jar;C:\Program Files\Java\jdk1.8.0_40\jre\lib\charsets.jar;C:\Program Files\Java\jdk1.8.0_40\jre\lib\jfr.jar;C:\Program Files\Java\jdk1.8.0_40\jre\classes, java.vendor=Oracle Corporation, localRepository=D:\maven\repository, file.separator=\, java.vendor.url.bug=http://bugreport.sun.com/bugreport/, sun.io.unicode.encoding=UnicodeLittle, sun.cpu.endian=little, sun.desktop=windows, sun.cpu.isalist=amd64}}, SystemEnvironmentPropertySource@1989184704 {name=&apos;systemEnvironment&apos;, properties={GOOGLE_DEFAULT_CLIENT_ID=793783891518 - b6tl35b6fjk3mid3aaag4d5egnj9dlf0.apps.googleusercontent.com, PATH=D:\workspack\python\Scripts\;D:\workspack\python\;D:\workspack\oracle\app\oracle\product\11.2.0\server\bin;C:\ProgramData\Oracle\Java\javapath;C:\Program Files (x86)\Intel\iCLS Client\;C:\Program Files\Intel\iCLS Client\;C:\Windows\system32;C:\Windows;C:\Windows\System32\Wbem;C:\Windows\System32\WindowsPowerShell\v1.0\;C:\Program Files (x86)\Intel\Intel(R) Management Engine Components\DAL;C:\Program Files\Intel\Intel(R) Management Engine Components\DAL;C:\Program Files (x86)\Intel\Intel(R) Management Engine Components\IPT;C:\Program Files\Intel\Intel(R) Management Engine Components\IPT;D:\workspack\MySql\MySQL Server 5.5\bin;D:\
[...]
2018-10-08 10:03:53.900 DEBUG [-,,,] [provider-opc,,,,] 14256 --- [           main] o.s.r.backoff.ExponentialBackOffPolicy   : Sleeping for 1464
2018-10-08 10:03:55.364 DEBUG [-,,,] [provider-opc,,,,] 14256 --- [           main] o.s.retry.support.RetryTemplate          : Checking for rethrow: count=5
2018-10-08 10:03:55.364 DEBUG [-,,,] [provider-opc,,,,] 14256 --- [           main] o.s.retry.support.RetryTemplate          : Retry: count=5
2018-10-08 10:03:55.364 DEBUG [-,,,] [provider-opc,,,,] 14256 --- [           main] o.s.c.e.PropertySourcesPropertyResolver  : Could not find key &apos;spring.application.name:application&apos; in any property source
2018-10-08 10:03:55.365 DEBUG [-,,,] [provider-opc,,,,] 14256 --- [           main] o.s.c.e.PropertySourcesPropertyResolver  : Found key &apos;spring.application.name&apos; in PropertySource &apos;configurationProperties&apos; with value of type String
2018-10-08 10:03:55.365 DEBUG [-,,,] [provider-opc,,,,] 14256 --- [           main] o.s.c.e.PropertySourcesPropertyResolver  : Could not find key &apos;spring.cloud.config.name:provider-opc&apos; in any property source
2018-10-08 10:03:55.365 DEBUG [-,,,] [provider-opc,,,,] 14256 --- [           main] o.s.c.e.PropertySourcesPropertyResolver  : Could not find key &apos;spring.cloud.config.name&apos; in any property source
2018-10-08 10:03:55.365 DEBUG [-,,,] [provider-opc,,,,] 14256 --- [           main] o.s.c.e.PropertySourcesPropertyResolver  : Found key &apos;spring.cloud.config.label&apos; in PropertySource &apos;configurationProperties&apos; with value of type String
2018-10-08 10:03:55.370  INFO [-,,,] [provider-opc,,,,] 14256 --- [           main] c.c.c.ConfigServicePropertySourceLocator : Fetching config from server at : http://192.168.139.5:8762
2018-10-08 10:03:55.370 DEBUG [-,,,] [provider-opc,,,,] 14256 --- [           main] o.s.web.client.RestTemplate              : Created GET request for &quot;http://192.168.139.5:8762/provider-opc/default/master&quot;
2018-10-08 10:03:55.373 DEBUG [-,,,] [provider-opc,,,,] 14256 --- [           main] o.s.web.client.RestTemplate              : Setting request Accept header to [application/json, application/*+json]
2018-10-08 10:04:16.375  INFO [-,,,] [provider-opc,,,,] 14256 --- [           main] c.c.c.ConfigServicePropertySourceLocator : Connect Timeout Exception on Url - http://192.168.139.5:8762. Will be trying the next url if available
2018-10-08 10:04:16.375 DEBUG [-,,,] [provider-opc,,,,] 14256 --- [           main] o.s.retry.support.RetryTemplate          : Checking for rethrow: count=6
2018-10-08 10:04:16.375 DEBUG [-,,,] [provider-opc,,,,] 14256 --- [           main] o.s.retry.support.RetryTemplate          : Retry failed last attempt: count=6
2018-10-08 10:04:16.377 DEBUG [-,,,] [provider-opc,,,,] 14256 --- [           main] .c.l.ClasspathLoggingApplicationListener : Application failed to start with classpath: [file:/D:/workspack/project/gostyu/passcloud-master/paascloud-provider/paascloud-provider-opc/target/surefire/surefirebooter3556540888258900826.jar]
2018-10-08 10:04:16.381 ERROR [-,,,] [provider-opc,,,,] 14256 --- [           main] o.s.boot.SpringApplication               : Application run failed

java.lang.IllegalStateException: Could not locate PropertySource and the fail fast property is set, failing
	at org.springframework.cloud.config.client.ConfigServicePropertySourceLocator.locate(ConfigServicePropertySourceLocator.java:136)
	at org.springframework.cloud.config.client.ConfigServicePropertySourceLocator$$FastClassBySpringCGLIB$$fa44b2a.invoke(&lt;generated&gt;)
	at org.springframework.cglib.proxy.MethodProxy.invoke(MethodProxy.java:204)
	at org.springframework.aop.framework.CglibAopProxy$CglibMethodInvocation.invokeJoinpoint(CglibAopProxy.java:746)
	at org.springframework.aop.framework.ReflectiveMethodInvocation.proceed(ReflectiveMethodInvocation.java:163)
	at org.springframework.retry.interceptor.RetryOperationsInterceptor$1.doWithRetry(RetryOperationsInterceptor.java:91)
	at org.springframework.retry.support.RetryTemplate.doExecute(RetryTemplate.java:287)
	at org.springframework.retry.support.RetryTemplate.execute(RetryTemplate.java:164)
	at org.springframework.retry.interceptor.RetryOperationsInterceptor.invoke(RetryOperationsInterceptor.java:118)
	at org.springframework.retry.annotation.AnnotationAwareRetryOperationsInterceptor.invoke(AnnotationAwareRetryOperationsInterceptor.java:153)
	at org.springframework.aop.framework.ReflectiveMethodInvocation.proceed(ReflectiveMethodInvocation.java:185)
	at org.springframework.aop.framework.CglibAopProxy$DynamicAdvisedInterceptor.intercept(CglibAopProxy.java:688)
	at org.springframework.cloud.config.client.ConfigServicePropertySourceLocator$$EnhancerBySpringCGLIB$$2440c45.locate(&lt;generated&gt;)
	at org.springframework.cloud.bootstrap.config.PropertySourceBootstrapConfiguration.initialize(PropertySourceBootstrapConfiguration.java:94)
	at org.springframework.boot.SpringApplication.applyInitializers(SpringApplication.java:633)
	at org.springframework.boot.SpringApplication.prepareContext(SpringApplication.java:373)
	at org.springframework.boot.SpringApplication.run(SpringApplication.java:325)
	at org.springframework.boot.test.context.SpringBootContextLoader.loadContext(SpringBootContextLoader.java:139)
	at org.springframework.test.context.cache.DefaultCacheAwareContextLoaderDelegate.loadContextInternal(DefaultCacheAwareContextLoaderDelegate.java:99)
	at org.springframework.test.context.cache.DefaultCacheAwareContextLoaderDelegate.loadContext(DefaultCacheAwareContextLoaderDelegate.java:117)
	at org.springframework.test.context.support.DefaultTestContext.getApplicationContext(DefaultTestContext.java:108)
	at org.springframework.test.context.web.ServletTestExecutionListener.setUpRequestContextIfNecessary(ServletTestExecutionListener.java:190)
	at org.springframework.test.context.web.ServletTestExecutionListener.prepareTestInstance(ServletTestExecutionListener.java:132)
	at org.springframework.test.context.TestContextManager.prepareTestInstance(TestContextManager.java:246)
	at org.springframework.test.context.junit4.SpringJUnit4ClassRunner.createTest(SpringJUnit4ClassRunner.java:227)
	at org.springframework.test.context.junit4.SpringJUnit4ClassRunner$1.runReflectiveCall(SpringJUnit4ClassRunner.java:289)
	at org.junit.internal.runners.model.ReflectiveCallable.run(ReflectiveCallable.java:12)
	at org.springframework.test.context.junit4.SpringJUnit4ClassRunner.methodBlock(SpringJUnit4ClassRunner.java:291)
	at org.springframework.test.context.junit4.SpringJUnit4ClassRunner.runChild(SpringJUnit4ClassRunner.java:246)
	at org.springframework.test.context.junit4.SpringJUnit4ClassRunner.runChild(SpringJUnit4ClassRunner.java:97)
	at org.junit.runners.ParentRunner$3.run(ParentRunner.java:290)
	at org.junit.runners.ParentRunner$1.schedule(ParentRunner.java:71)
	at org.junit.runners.ParentRunner.runChildren(ParentRunner.java:288)
	at org.junit.runners.ParentRunner.access$000(ParentRunner.java:58)
	at org.junit.runners.ParentRunner$2.evaluate(ParentRunner.java:268)
	at org.springframework.test.context.junit4.statements.RunBeforeTestClassCallbacks.evaluate(RunBeforeTestClassCallbacks.java:61)
	at org.springframework.test.context.junit4.statements.RunAfterTestClassCallbacks.evaluate(RunAfterTestClassCallbacks.java:70)
	at org.junit.runners.ParentRunner.run(ParentRunner.java:363)
	at org.springframework.test.context.junit4.SpringJUnit4ClassRunner.run(SpringJUnit4ClassRunner.java:190)
	at org.apache.maven.surefire.junit4.JUnit4Provider.execute(JUnit4Provider.java:252)
	at org.apache.maven.surefire.junit4.JUnit4Provider.executeTestSet(JUnit4Provider.java:141)
	at org.apache.maven.surefire.junit4.JUnit4Provider.invoke(JUnit4Provider.java:112)
	at sun.reflect.NativeMethodAccessorImpl.invoke0(Native Method)
	at sun.reflect.NativeMethodAccessorImpl.invoke(NativeMethodAccessorImpl.java:62)
	at sun.reflect.DelegatingMethodAccessorImpl.invoke(DelegatingMethodAccessorImpl.java:43)
	at java.lang.reflect.Method.invoke(Method.java:483)
	at org.apache.maven.surefire.util.ReflectionUtils.invokeMethodWithArray(ReflectionUtils.java:189)
	at org.apache.maven.surefire.booter.ProviderFactory$ProviderProxy.invoke(ProviderFactory.java:165)
	at org.apache.maven.surefire.booter.ProviderFactory.invokeProvider(ProviderFactory.java:85)
	at org.apache.maven.surefire.booter.ForkedBooter.runSuitesInProcess(ForkedBooter.java:115)
	at org.apache.maven.surefire.booter.ForkedBooter.main(ForkedBooter.java:75)
Caused by: org.springframework.web.client.ResourceAccessException: I/O error on GET request for &quot;http://192.168.139.5:8762/provider-opc/default/master&quot;: Connection timed out: connect; nested exception is java.net.ConnectException: Connection timed out: connect
	at org.springframework.web.client.RestTemplate.doExecute(RestTemplate.java:732)
	at org.springframework.web.client.RestTemplate.execute(RestTemplate.java:680)
	at org.springframework.web.client.RestTemplate.exchange(RestTemplate.java:600)
	at org.springframework.cloud.config.client.ConfigServicePropertySourceLocator.getRemoteEnvironment(ConfigServicePropertySourceLocator.java:218)
	at org.springframework.cloud.config.client.ConfigServicePropertySourceLocator.locate(ConfigServicePropertySourceLocator.java:96)
	... 50 common frames omitted
Caused by: java.net.ConnectException: Connection timed out: connect
	at java.net.DualStackPlainSocketImpl.connect0(Native Method)
	at java.net.DualStackPlainSocketImpl.socketConnect(DualStackPlainSocketImpl.java:79)
	at java.net.AbstractPlainSocketImpl.doConnect(AbstractPlainSocketImpl.java:345)
	at java.net.AbstractPlainSocketImpl.connectToAddress(AbstractPlainSocketImpl.java:206)
	at java.net.AbstractPlainSocketImpl.connect(AbstractPlainSocketImpl.java:188)
	at java.net.PlainSocketImpl.connect(PlainSocketImpl.java:172)
	at java.net.SocksSocketImpl.connect(SocksSocketImpl.java:392)
	at java.net.Socket.connect(Socket.java:589)
	at java.net.Socket.connect(Socket.java:538)
	at sun.net.NetworkClient.doConnect(NetworkClient.java:180)
	at sun.net.www.http.HttpClient.openServer(HttpClient.java:432)
	at sun.net.www.http.HttpClient.openServer(HttpClient.java:527)
	at sun.net.www.http.HttpClient.&lt;init&gt;(HttpClient.java:211)
	at sun.net.www.http.HttpClient.New(HttpClient.java:308)
	at sun.net.www.http.HttpClient.New(HttpClient.java:326)
	at sun.net.www.protocol.http.HttpURLConnection.getNewHttpClient(HttpURLConnection.java:1167)
	at sun.net.www.protocol.http.HttpURLConnection.plainConnect0(HttpURLConnection.java:1103)
	at sun.net.www.protocol.http.HttpURLConnection.plainConnect(HttpURLConnection.java:997)
	at sun.net.www.protocol.http.HttpURLConnection.connect(HttpURLConnection.java:931)
	at org.springframework.http.client.SimpleBufferingClientHttpRequest.executeInternal(SimpleBufferingClientHttpRequest.java:76)
	at org.springframework.http.client.AbstractBufferingClientHttpRequest.executeInternal(AbstractBufferingClientHttpRequest.java:48)
	at org.springframework.http.client.AbstractClientHttpRequest.execute(AbstractClientHttpRequest.java:53)
	at org.springframework.web.client.RestTemplate.doExecute(RestTemplate.java:723)
	... 54 common frames omitted

2018-10-08 10:04:16.382 ERROR [-,,,] [provider-opc,,,,] 14256 --- [           main] o.s.test.context.TestContextManager      : Caught exception while allowing TestExecutionListener [org.springframework.test.context.web.ServletTestExecutionListener@4a003cbe] to prepare test instance [com.paascloud.provider.aliyun.MqProducerTest@125f16b2]

java.lang.IllegalStateException: Failed to load ApplicationContext
	at org.springframework.test.context.cache.DefaultCacheAwareContextLoaderDelegate.loadContext(DefaultCacheAwareContextLoaderDelegate.java:125)
	at org.springframework.test.context.support.DefaultTestContext.getApplicationContext(DefaultTestContext.java:108)
	at org.springframework.test.context.web.ServletTestExecutionListener.setUpRequestContextIfNecessary(ServletTestExecutionListener.java:190)
	at org.springframework.test.context.web.ServletTestExecutionListener.prepareTestInstance(ServletTestExecutionListener.java:132)
	at org.springframework.test.context.TestContextManager.prepareTestInstance(TestContextManager.java:246)
	at org.springframework.test.context.junit4.SpringJUnit4ClassRunner.createTest(SpringJUnit4ClassRunner.java:227)
	at org.springframework.test.context.junit4.SpringJUnit4ClassRunner$1.runReflectiveCall(SpringJUnit4ClassRunner.java:289)
	at org.junit.internal.runners.model.ReflectiveCallable.run(ReflectiveCallable.java:12)
	at org.springframework.test.context.junit4.SpringJUnit4ClassRunner.methodBlock(SpringJUnit4ClassRunner.java:291)
	at org.springframework.test.context.junit4.SpringJUnit4ClassRunner.runChild(SpringJUnit4ClassRunner.java:246)
	at org.springframework.test.context.junit4.SpringJUnit4ClassRunner.runChild(SpringJUnit4ClassRunner.java:97)
	at org.junit.runners.ParentRunner$3.run(ParentRunner.java:290)
	at org.junit.runners.ParentRunner$1.schedule(ParentRunner.java:71)
	at org.junit.runners.ParentRunner.runChildren(ParentRunner.java:288)
	at org.junit.runners.ParentRunner.access$000(ParentRunner.java:58)
	at org.junit.runners.ParentRunner$2.evaluate(ParentRunner.java:268)
	at org.springframework.test.context.junit4.statements.RunBeforeTestClassCallbacks.evaluate(RunBeforeTestClassCallbacks.java:61)
	at org.springframework.test.context.junit4.statements.RunAfterTestClassCallbacks.evaluate(RunAfterTestClassCallbacks.java:70)
	at org.junit.runners.ParentRunner.run(ParentRunner.java:363)
	at org.springframework.test.context.junit4.SpringJUnit4ClassRunner.run(SpringJUnit4ClassRunner.java:190)
	at org.apache.maven.surefire.junit4.JUnit4Provider.execute(JUnit4Provider.java:252)
	at org.apache.maven.surefire.junit4.JUnit4Provider.executeTestSet(JUnit4Provider.java:141)
	at org.apache.maven.surefire.junit4.JUnit4Provider.invoke(JUnit4Provider.java:112)
	at sun.reflect.NativeMethodAccessorImpl.invoke0(Native Method)
	at sun.reflect.NativeMethodAccessorImpl.invoke(NativeMethodAccessorImpl.java:62)
	at sun.reflect.DelegatingMethodAccessorImpl.invoke(DelegatingMethodAccessorImpl.java:43)
	at java.lang.reflect.Method.invoke(Method.java:483)
	at org.apache.maven.surefire.util.ReflectionUtils.invokeMethodWithArray(ReflectionUtils.java:189)
	at org.apache.maven.surefire.booter.ProviderFactory$ProviderProxy.invoke(ProviderFactory.java:165)
	at org.apache.maven.surefire.booter.ProviderFactory.invokeProvider(ProviderFactory.java:85)
	at org.apache.maven.surefire.booter.ForkedBooter.runSuitesInProcess(ForkedBooter.java:115)
	at org.apache.maven.surefire.booter.ForkedBooter.main(ForkedBooter.java:75)
Caused by: java.lang.IllegalStateException: Could not locate PropertySource and the fail fast property is set, failing
	at org.springframework.cloud.config.client.ConfigServicePropertySourceLocator.locate(ConfigServicePropertySourceLocator.java:136)
	at org.springframework.cloud.config.client.ConfigServicePropertySourceLocator$$FastClassBySpringCGLIB$$fa44b2a.invoke(&lt;generated&gt;)
	at org.springframework.cglib.proxy.MethodProxy.invoke(MethodProxy.java:204)
	at org.springframework.aop.framework.CglibAopProxy$CglibMethodInvocation.invokeJoinpoint(CglibAopProxy.java:746)
	at org.springframework.aop.framework.ReflectiveMethodInvocation.proceed(ReflectiveMethodInvocation.java:163)
	at org.springframework.retry.interceptor.RetryOperationsInterceptor$1.doWithRetry(RetryOperationsInterceptor.java:91)
	at org.springframework.retry.support.RetryTemplate.doExecute(RetryTemplate.java:287)
	at org.springframework.retry.support.RetryTemplate.execute(RetryTemplate.java:164)
	at org.springframework.retry.interceptor.RetryOperationsInterceptor.invoke(RetryOperationsInterceptor.java:118)
	at org.springframework.retry.annotation.AnnotationAwareRetryOperationsInterceptor.invoke(AnnotationAwareRetryOperationsInterceptor.java:153)
	at org.springframework.aop.framework.ReflectiveMethodInvocation.proceed(ReflectiveMethodInvocation.java:185)
	at org.springframework.aop.framework.CglibAopProxy$DynamicAdvisedInterceptor.intercept(CglibAopProxy.java:688)
	at org.springframework.cloud.config.client.ConfigServicePropertySourceLocator$$EnhancerBySpringCGLIB$$2440c45.locate(&lt;generated&gt;)
	at org.springframework.cloud.bootstrap.config.PropertySourceBootstrapConfiguration.initialize(PropertySourceBootstrapConfiguration.java:94)
	at org.springframework.boot.SpringApplication.applyInitializers(SpringApplication.java:633)
	at org.springframework.boot.SpringApplication.prepareContext(SpringApplication.java:373)
	at org.springframework.boot.SpringApplication.run(SpringApplication.java:325)
	at org.springframework.boot.test.context.SpringBootContextLoader.loadContext(SpringBootContextLoader.java:139)
	at org.springframework.test.context.cache.DefaultCacheAwareContextLoaderDelegate.loadContextInternal(DefaultCacheAwareContextLoaderDelegate.java:99)
	at org.springframework.test.context.cache.DefaultCacheAwareContextLoaderDelegate.loadContext(DefaultCacheAwareContextLoaderDelegate.java:117)
	... 31 common frames omitted
Caused by: org.springframework.web.client.ResourceAccessException: I/O error on GET request for &quot;http://192.168.139.5:8762/provider-opc/default/master&quot;: Connection timed out: connect; nested exception is java.net.ConnectException: Connection timed out: connect
	at org.springframework.web.client.RestTemplate.doExecute(RestTemplate.java:732)
	at org.springframework.web.client.RestTemplate.execute(RestTemplate.java:680)
	at org.springframework.web.client.RestTemplate.exchange(RestTemplate.java:600)
	at org.springframework.cloud.config.client.ConfigServicePropertySourceLocator.getRemoteEnvironment(ConfigServicePropertySourceLocator.java:218)
	at org.springframework.cloud.config.client.ConfigServicePropertySourceLocator.locate(ConfigServicePropertySourceLocator.java:96)
	... 50 common frames omitted
Caused by: java.net.ConnectException: Connection timed out: connect
	at java.net.DualStackPlainSocketImpl.connect0(Native Method)
	at java.net.DualStackPlainSocketImpl.socketConnect(DualStackPlainSocketImpl.java:79)
	at java.net.AbstractPlainSocketImpl.doConnect(AbstractPlainSocketImpl.java:345)
	at java.net.AbstractPlainSocketImpl.connectToAddress(AbstractPlainSocketImpl.java:206)
	at java.net.AbstractPlainSocketImpl.connect(AbstractPlainSocketImpl.java:188)
	at java.net.PlainSocketImpl.connect(PlainSocketImpl.java:172)
	at java.net.SocksSocketImpl.connect(SocksSocketImpl.java:392)
	at java.net.Socket.connect(Socket.java:589)
	at java.net.Socket.connect(Socket.java:538)
	at sun.net.NetworkClient.doConnect(NetworkClient.java:180)
	at sun.net.www.http.HttpClient.openServer(HttpClient.java:432)
	at sun.net.www.http.HttpClient.openServer(HttpClient.java:527)
	at sun.net.www.http.HttpClient.&lt;init&gt;(HttpClient.java:211)
	at sun.net.www.http.HttpClient.New(HttpClient.java:308)
	at sun.net.www.http.HttpClient.New(HttpClient.java:326)
	at sun.net.www.protocol.http.HttpURLConnection.getNewHttpClient(HttpURLConnection.java:1167)
	at sun.net.www.protocol.http.HttpURLConnection.plainConnect0(HttpURLConnection.java:1103)
	at sun.net.www.protocol.http.HttpURLConnection.plainConnect(HttpURLConnection.java:997)
	at sun.net.www.protocol.http.HttpURLConnection.connect(HttpURLConnection.java:931)
	at org.springframework.http.client.SimpleBufferingClientHttpRequest.executeInternal(SimpleBufferingClientHttpRequest.java:76)
	at org.springframework.http.client.AbstractBufferingClientHttpRequest.executeInternal(AbstractBufferingClientHttpRequest.java:48)
	at org.springframework.http.client.AbstractClientHttpRequest.execute(AbstractClientHttpRequest.java:53)
	at org.springframework.web.client.RestTemplate.doExecute(RestTemplate.java:723)
	... 54 common frames omitted

</system-out>
  </testcase>
</testsuite>